<?xml version="1.0" encoding="UTF-8"?>
<testsuite xmlns:xsi="http://www.w3.org/2001/XMLSchema-instance" xsi:noNamespaceSchemaLocation="https://maven.apache.org/surefire/maven-surefire-plugin/xsd/surefire-test-report-3.0.xsd" version="3.0" name="com.github.nicoalvarezz.learningtestcontainers.CustomerServiceTest" time="2.271" tests="1" errors="0" skipped="0" failures="0">
  <properties>
[...]
</properties>
  <testcase name="getAllCustomersTest" classname="com.github.nicoalvarezz.learningtestcontainers.CustomerServiceTest" time="0.199">
    <system-out><![CDATA[20:17:58.385 [main] DEBUG org.testcontainers.utility.TestcontainersConfiguration -- Testcontainers configuration overrides will be loaded from file:/Users/nico/.testcontainers.properties
20:17:58.388 [main] INFO org.testcontainers.images.PullPolicy -- Image pull policy will be performed by: DefaultPullPolicy()
20:17:58.388 [main] INFO org.testcontainers.utility.ImageNameSubstitutor -- Image name substitution will be performed by: DefaultImageNameSubstitutor (composite of 'ConfigurationFileImageNameSubstitutor' and 'PrefixingImageNameSubstitutor')
20:17:58.504 [main] INFO org.testcontainers.dockerclient.DockerClientProviderStrategy -- Loaded org.testcontainers.dockerclient.UnixSocketClientProviderStrategy from ~/.testcontainers.properties, will try it first
20:17:58.504 [main] DEBUG org.testcontainers.dockerclient.DockerClientProviderStrategy -- Trying out strategy: UnixSocketClientProviderStrategy
20:17:58.549 [main] DEBUG org.testcontainers.shaded.com.github.dockerjava.core.command.AbstrDockerCmd -- Cmd: 
20:17:58.556 [main] DEBUG com.github.dockerjava.zerodep.shaded.org.apache.hc.client5.http.impl.classic.InternalHttpClient -- ex-00000001: preparing request execution
20:17:58.557 [main] DEBUG com.github.dockerjava.zerodep.shaded.org.apache.hc.client5.http.protocol.RequestAddCookies -- Cookie spec selected: strict
20:17:58.558 [main] DEBUG com.github.dockerjava.zerodep.shaded.org.apache.hc.client5.http.protocol.RequestAuthCache -- Auth cache not set in the context
20:17:58.558 [main] DEBUG com.github.dockerjava.zerodep.shaded.org.apache.hc.client5.http.impl.classic.ProtocolExec -- ex-00000001: target auth state: UNCHALLENGED
20:17:58.559 [main] DEBUG com.github.dockerjava.zerodep.shaded.org.apache.hc.client5.http.impl.classic.ProtocolExec -- ex-00000001: proxy auth state: UNCHALLENGED
20:17:58.559 [main] DEBUG com.github.dockerjava.zerodep.shaded.org.apache.hc.client5.http.impl.classic.ConnectExec -- ex-00000001: acquiring connection with route {}->unix://localhost:2375
20:17:58.559 [main] DEBUG com.github.dockerjava.zerodep.shaded.org.apache.hc.client5.http.impl.classic.InternalHttpClient -- ex-00000001: acquiring endpoint (3 MINUTES)
20:17:58.562 [main] DEBUG com.github.dockerjava.zerodep.shaded.org.apache.hc.client5.http.impl.io.PoolingHttpClientConnectionManager -- ex-00000001: endpoint lease request (3 MINUTES) [route: {}->unix://localhost:2375][total available: 0; route allocated: 0 of 2147483647; total allocated: 0 of 2147483647]
20:17:58.568 [main] DEBUG com.github.dockerjava.zerodep.shaded.org.apache.hc.client5.http.impl.io.PoolingHttpClientConnectionManager -- ex-00000001: endpoint leased [route: {}->unix://localhost:2375][total available: 0; route allocated: 1 of 2147483647; total allocated: 1 of 2147483647]
20:17:58.571 [main] DEBUG com.github.dockerjava.zerodep.shaded.org.apache.hc.client5.http.impl.io.PoolingHttpClientConnectionManager -- ex-00000001: acquired ep-00000000
20:17:58.571 [main] DEBUG com.github.dockerjava.zerodep.shaded.org.apache.hc.client5.http.impl.classic.InternalHttpClient -- ex-00000001: acquired endpoint ep-00000000
20:17:58.571 [main] DEBUG com.github.dockerjava.zerodep.shaded.org.apache.hc.client5.http.impl.classic.ConnectExec -- ex-00000001: opening connection {}->unix://localhost:2375
20:17:58.571 [main] DEBUG com.github.dockerjava.zerodep.shaded.org.apache.hc.client5.http.impl.classic.InternalHttpClient -- ep-00000000: connecting endpoint (3 MINUTES)
20:17:58.571 [main] DEBUG com.github.dockerjava.zerodep.shaded.org.apache.hc.client5.http.impl.io.PoolingHttpClientConnectionManager -- ep-00000000: connecting endpoint to unix://localhost:2375 (3 MINUTES)
20:17:58.575 [main] DEBUG com.github.dockerjava.zerodep.shaded.org.apache.hc.client5.http.impl.io.DefaultHttpClientConnectionOperator -- http-outgoing-0: connecting to localhost/127.0.0.1:2375
20:17:58.575 [main] DEBUG com.github.dockerjava.zerodep.shaded.org.apache.hc.client5.http.impl.io.DefaultHttpClientConnectionOperator -- http-outgoing-0: connection established /var/run/docker.sock<->/var/run/docker.sock
20:17:58.575 [main] DEBUG com.github.dockerjava.zerodep.shaded.org.apache.hc.client5.http.impl.io.PoolingHttpClientConnectionManager -- ep-00000000: connected http-outgoing-0
20:17:58.575 [main] DEBUG com.github.dockerjava.zerodep.shaded.org.apache.hc.client5.http.impl.classic.InternalHttpClient -- ep-00000000: endpoint connected
20:17:58.575 [main] DEBUG com.github.dockerjava.zerodep.shaded.org.apache.hc.client5.http.impl.classic.MainClientExec -- ex-00000001: executing GET /v1.32/info HTTP/1.1
20:17:58.575 [main] DEBUG com.github.dockerjava.zerodep.shaded.org.apache.hc.client5.http.impl.classic.InternalHttpClient -- ep-00000000: start execution ex-00000001
20:17:58.575 [main] DEBUG com.github.dockerjava.zerodep.shaded.org.apache.hc.client5.http.impl.io.PoolingHttpClientConnectionManager -- ep-00000000: executing exchange ex-00000001 over http-outgoing-0
20:17:58.576 [main] DEBUG com.github.dockerjava.zerodep.shaded.org.apache.hc.client5.http.headers -- http-outgoing-0 >> GET /v1.32/info HTTP/1.1
20:17:58.576 [main] DEBUG com.github.dockerjava.zerodep.shaded.org.apache.hc.client5.http.headers -- http-outgoing-0 >> x-tc-sid: 0d9caffc-157c-4ea0-a33e-34b8aca8ffb6
20:17:58.576 [main] DEBUG com.github.dockerjava.zerodep.shaded.org.apache.hc.client5.http.headers -- http-outgoing-0 >> User-Agent: tc-java/1.19.3
20:17:58.576 [main] DEBUG com.github.dockerjava.zerodep.shaded.org.apache.hc.client5.http.headers -- http-outgoing-0 >> Accept-Encoding: gzip, x-gzip, deflate
20:17:58.576 [main] DEBUG com.github.dockerjava.zerodep.shaded.org.apache.hc.client5.http.headers -- http-outgoing-0 >> Host: localhost:2375
20:17:58.576 [main] DEBUG com.github.dockerjava.zerodep.shaded.org.apache.hc.client5.http.headers -- http-outgoing-0 >> Connection: keep-alive
20:17:58.576 [main] DEBUG com.github.dockerjava.zerodep.shaded.org.apache.hc.client5.http.wire -- http-outgoing-0 >> "GET /v1.32/info HTTP/1.1[\r][\n]"
20:17:58.576 [main] DEBUG com.github.dockerjava.zerodep.shaded.org.apache.hc.client5.http.wire -- http-outgoing-0 >> "x-tc-sid: 0d9caffc-157c-4ea0-a33e-34b8aca8ffb6[\r][\n]"
20:17:58.576 [main] DEBUG com.github.dockerjava.zerodep.shaded.org.apache.hc.client5.http.wire -- http-outgoing-0 >> "User-Agent: tc-java/1.19.3[\r][\n]"
20:17:58.576 [main] DEBUG com.github.dockerjava.zerodep.shaded.org.apache.hc.client5.http.wire -- http-outgoing-0 >> "Accept-Encoding: gzip, x-gzip, deflate[\r][\n]"
20:17:58.576 [main] DEBUG com.github.dockerjava.zerodep.shaded.org.apache.hc.client5.http.wire -- http-outgoing-0 >> "Host: localhost:2375[\r][\n]"
20:17:58.576 [main] DEBUG com.github.dockerjava.zerodep.shaded.org.apache.hc.client5.http.wire -- http-outgoing-0 >> "Connection: keep-alive[\r][\n]"
20:17:58.576 [main] DEBUG com.github.dockerjava.zerodep.shaded.org.apache.hc.client5.http.wire -- http-outgoing-0 >> "[\r][\n]"
20:17:58.595 [main] DEBUG com.github.dockerjava.zerodep.shaded.org.apache.hc.client5.http.wire -- http-outgoing-0 << "HTTP/1.1 200 OK[\r][\n]"
20:17:58.595 [main] DEBUG com.github.dockerjava.zerodep.shaded.org.apache.hc.client5.http.wire -- http-outgoing-0 << "Api-Version: 1.42[\r][\n]"
20:17:58.595 [main] DEBUG com.github.dockerjava.zerodep.shaded.org.apache.hc.client5.http.wire -- http-outgoing-0 << "Content-Type: application/json[\r][\n]"
20:17:58.595 [main] DEBUG com.github.dockerjava.zerodep.shaded.org.apache.hc.client5.http.wire -- http-outgoing-0 << "Date: Sat, 18 May 2024 19:17:58 GMT[\r][\n]"
20:17:58.595 [main] DEBUG com.github.dockerjava.zerodep.shaded.org.apache.hc.client5.http.wire -- http-outgoing-0 << "Docker-Experimental: false[\r][\n]"
20:17:58.595 [main] DEBUG com.github.dockerjava.zerodep.shaded.org.apache.hc.client5.http.wire -- http-outgoing-0 << "Ostype: linux[\r][\n]"
20:17:58.595 [main] DEBUG com.github.dockerjava.zerodep.shaded.org.apache.hc.client5.http.wire -- http-outgoing-0 << "Server: Docker/23.0.5 (linux)[\r][\n]"
20:17:58.595 [main] DEBUG com.github.dockerjava.zerodep.shaded.org.apache.hc.client5.http.wire -- http-outgoing-0 << "Transfer-Encoding: chunked[\r][\n]"
20:17:58.595 [main] DEBUG com.github.dockerjava.zerodep.shaded.org.apache.hc.client5.http.wire -- http-outgoing-0 << "[\r][\n]"
20:17:58.596 [main] DEBUG com.github.dockerjava.zerodep.shaded.org.apache.hc.client5.http.headers -- http-outgoing-0 << HTTP/1.1 200 OK
20:17:58.596 [main] DEBUG com.github.dockerjava.zerodep.shaded.org.apache.hc.client5.http.headers -- http-outgoing-0 << Api-Version: 1.42
20:17:58.596 [main] DEBUG com.github.dockerjava.zerodep.shaded.org.apache.hc.client5.http.headers -- http-outgoing-0 << Content-Type: application/json
20:17:58.596 [main] DEBUG com.github.dockerjava.zerodep.shaded.org.apache.hc.client5.http.headers -- http-outgoing-0 << Date: Sat, 18 May 2024 19:17:58 GMT
20:17:58.596 [main] DEBUG com.github.dockerjava.zerodep.shaded.org.apache.hc.client5.http.headers -- http-outgoing-0 << Docker-Experimental: false
20:17:58.596 [main] DEBUG com.github.dockerjava.zerodep.shaded.org.apache.hc.client5.http.headers -- http-outgoing-0 << Ostype: linux
20:17:58.596 [main] DEBUG com.github.dockerjava.zerodep.shaded.org.apache.hc.client5.http.headers -- http-outgoing-0 << Server: Docker/23.0.5 (linux)
20:17:58.596 [main] DEBUG com.github.dockerjava.zerodep.shaded.org.apache.hc.client5.http.headers -- http-outgoing-0 << Transfer-Encoding: chunked
20:17:58.597 [main] DEBUG com.github.dockerjava.zerodep.shaded.org.apache.hc.client5.http.impl.classic.MainClientExec -- ex-00000001: connection can be kept alive for 3 MINUTES
20:17:58.598 [main] DEBUG com.github.dockerjava.zerodep.shaded.org.apache.hc.client5.http.wire -- http-outgoing-0 << "962[\r][\n]"
20:17:58.598 [main] DEBUG com.github.dockerjava.zerodep.shaded.org.apache.hc.client5.http.wire -- http-outgoing-0 << "{"ID":"3d9a9285-0094-404b-85ae-95c10f751c93","Containers":2,"ContainersRunning":0,"ContainersPaused":0,"ContainersStopped":2,"Images":51,"Driver":"overlay2","DriverStatus":[["Backing Filesystem","extfs"],["Supports d_type","true"],["Using metacopy","false"],["Native Overlay Diff","true"],["userxattr","false"]],"Plugins":{"Volume":["local"],"Network":["bridge","host","ipvlan","macvlan","null","overlay"],"Authorization":null,"Log":["awslogs","fluentd","gcplogs","gelf","journald","json-file","local","logentries","splunk","syslog"]},"MemoryLimit":true,"SwapLimit":true,"CpuCfsPeriod":true,"CpuCfsQuota":true,"CPUShares":true,"CPUSet":true,"PidsLimit":true,"IPv4Forwarding":true,"BridgeNfIptables":true,"BridgeNfIp6tables":true,"Debug":false,"NFd":307,"OomKillDisable":false,"NGoroutines":591,"SystemTime":"2024-05-18T19:17:58.582079555Z","LoggingDriver":"json-file","CgroupDriver":"cgroupfs","CgroupVersion":"2","NEventsListener":11,"KernelVersion":"5.15.49-linuxkit","OperatingSystem":"Docker Desktop","OSVersion":"","OSType":"linux","Architecture":"aarch64","IndexServerAddress":"https://index.docker.io/v1/","RegistryConfig":{"AllowNondistributableArtifactsCIDRs":null,"AllowNondistributableArtifactsHostnames":null,"InsecureRegistryCIDRs":["127.0.0.0/8"],"IndexConfigs":{"docker.io":{"Name":"docker.io","Mirrors":[],"Secure":true,"Official":true},"hubproxy.docker.internal:5555":{"Name":"hubproxy.docker.internal:5555","Mirrors":[],"Secure":false,"Official":false}},"Mirrors":null},"NCPU":4,"MemTotal":8233017344,"GenericResources":null,"DockerRootDir":"/var/lib/docker","HttpProxy":"http.docker.internal:3128","HttpsProxy":"http.docker.internal:3128","NoProxy":"hubproxy.docker.internal","Name":"docker-desktop","Labels":[],"ExperimentalBuild":false,"ServerVersion":"23.0.5","Runtimes":{"io.containerd.runc.v2":{"path":"runc"},"runc":{"path":"runc"}},"DefaultRuntime":"runc","Swarm":{"NodeID":"","NodeAddr":"","LocalNodeState":"inactive","ControlAvailable":false,"Error":"","RemoteManagers":null},"LiveRestoreEnabled":false,"Isolation":"","InitBinary":"docker-init","ContainerdCommit":{"ID":"2806fc1057397dbaeefbea0e4e17bddfbd388f38","Expected":"2806fc1057397dbaeefbea0e4e17bddfbd388f38"},"RuncCommit":{"ID":"v1.1.5-0-gf19387a","Expected":"v1.1.5-0-gf19387a"},"InitCommit":{"ID":"de40ad0","Expected":"de40ad0"},"SecurityOptions":["name=seccomp,profile=builtin","name=cgroupns"],"Warnings":null}[\n]"
20:17:58.598 [main] DEBUG com.github.dockerjava.zerodep.shaded.org.apache.hc.client5.http.wire -- http-outgoing-0 << "[\r][\n]"
20:17:58.598 [main] DEBUG com.github.dockerjava.zerodep.shaded.org.apache.hc.client5.http.wire -- http-outgoing-0 << "0[\r][\n]"
20:17:58.598 [main] DEBUG com.github.dockerjava.zerodep.shaded.org.apache.hc.client5.http.wire -- http-outgoing-0 << "[\r][\n]"
20:17:58.633 [main] DEBUG com.github.dockerjava.zerodep.shaded.org.apache.hc.client5.http.impl.classic.InternalHttpClient -- ep-00000000: releasing valid endpoint
20:17:58.634 [main] DEBUG com.github.dockerjava.zerodep.shaded.org.apache.hc.client5.http.impl.io.PoolingHttpClientConnectionManager -- ep-00000000: releasing endpoint
20:17:58.634 [main] DEBUG com.github.dockerjava.zerodep.shaded.org.apache.hc.client5.http.impl.io.PoolingHttpClientConnectionManager -- ep-00000000: connection http-outgoing-0 can be kept alive for 3 MINUTES
20:17:58.634 [main] DEBUG com.github.dockerjava.zerodep.shaded.org.apache.hc.client5.http.impl.io.PoolingHttpClientConnectionManager -- ep-00000000: connection released [route: {}->unix://localhost:2375][total available: 1; route allocated: 1 of 2147483647; total allocated: 1 of 2147483647]
20:17:58.634 [main] INFO org.testcontainers.dockerclient.DockerClientProviderStrategy -- Found Docker environment with local Unix socket (unix:///var/run/docker.sock)
20:17:58.634 [main] DEBUG org.testcontainers.dockerclient.DockerClientProviderStrategy -- Transport type: 'httpclient5', Docker host: 'unix:///var/run/docker.sock'
20:17:58.634 [main] DEBUG org.testcontainers.dockerclient.DockerClientProviderStrategy -- Checking Docker OS type for local Unix socket (unix:///var/run/docker.sock)
20:17:58.634 [main] INFO org.testcontainers.DockerClientFactory -- Docker host IP address is localhost
20:17:58.635 [main] DEBUG org.testcontainers.DockerClientFactory -- Docker info: {NGoroutines=591, Name=docker-desktop, Swarm={NodeID=, NodeAddr=, LocalNodeState=inactive, ControlAvailable=false, Error=, RemoteManagers=null}, RuncCommit={ID=v1.1.5-0-gf19387a, Expected=v1.1.5-0-gf19387a}, OSVersion=, Runtimes={io.containerd.runc.v2={path=runc}, runc={path=runc}}, ID=3d9a9285-0094-404b-85ae-95c10f751c93, DriverStatus=[[Backing Filesystem, extfs], [Supports d_type, true], [Using metacopy, false], [Native Overlay Diff, true], [userxattr, false]], BridgeNfIptables=true, LiveRestoreEnabled=false, SystemTime=2024-05-18T19:17:58.582079555Z, NoProxy=hubproxy.docker.internal, Architecture=aarch64, NEventsListener=11, HttpsProxy=http.docker.internal:3128, Images=51, ContainersRunning=0, Labels=[], InitCommit={ID=de40ad0, Expected=de40ad0}, NFd=307, KernelVersion=5.15.49-linuxkit, LoggingDriver=json-file, OSType=linux, SecurityOptions=[name=seccomp,profile=builtin, name=cgroupns], ContainerdCommit={ID=2806fc1057397dbaeefbea0e4e17bddfbd388f38, Expected=2806fc1057397dbaeefbea0e4e17bddfbd388f38}, GenericResources=null, OperatingSystem=Docker Desktop, RegistryConfig={AllowNondistributableArtifactsCIDRs=null, AllowNondistributableArtifactsHostnames=null, InsecureRegistryCIDRs=[127.0.0.0/8], IndexConfigs={docker.io={Name=docker.io, Mirrors=[], Secure=true, Official=true}, hubproxy.docker.internal:5555={Name=hubproxy.docker.internal:5555, Mirrors=[], Secure=false, Official=false}}, Mirrors=null}, ServerVersion=23.0.5, OomKillDisable=false, CpuCfsQuota=true, Containers=2, Driver=overlay2, IPv4Forwarding=true, ExperimentalBuild=false, DockerRootDir=/var/lib/docker, CPUSet=true, CpuCfsPeriod=true, DefaultRuntime=runc, CPUShares=true, Debug=false, NCPU=4, Plugins={Volume=[local], Network=[bridge, host, ipvlan, macvlan, null, overlay], Authorization=null, Log=[awslogs, fluentd, gcplogs, gelf, journald, json-file, local, logentries, splunk, syslog]}, SwapLimit=true, CgroupDriver=cgroupfs, ContainersPaused=0, MemTotal=8233017344, IndexServerAddress=https://index.docker.io/v1/, MemoryLimit=true, HttpProxy=http.docker.internal:3128, InitBinary=docker-init, CgroupVersion=2, PidsLimit=true, Isolation=, BridgeNfIp6tables=true, Warnings=null, ContainersStopped=2}
20:17:58.635 [main] DEBUG org.testcontainers.shaded.com.github.dockerjava.core.command.AbstrDockerCmd -- Cmd: 
20:17:58.636 [main] DEBUG com.github.dockerjava.zerodep.shaded.org.apache.hc.client5.http.impl.classic.InternalHttpClient -- ex-00000002: preparing request execution
20:17:58.636 [main] DEBUG com.github.dockerjava.zerodep.shaded.org.apache.hc.client5.http.protocol.RequestAddCookies -- Cookie spec selected: strict
20:17:58.636 [main] DEBUG com.github.dockerjava.zerodep.shaded.org.apache.hc.client5.http.protocol.RequestAuthCache -- Auth cache not set in the context
20:17:58.636 [main] DEBUG com.github.dockerjava.zerodep.shaded.org.apache.hc.client5.http.impl.classic.ProtocolExec -- ex-00000002: target auth state: UNCHALLENGED
20:17:58.636 [main] DEBUG com.github.dockerjava.zerodep.shaded.org.apache.hc.client5.http.impl.classic.ProtocolExec -- ex-00000002: proxy auth state: UNCHALLENGED
20:17:58.636 [main] DEBUG com.github.dockerjava.zerodep.shaded.org.apache.hc.client5.http.impl.classic.ConnectExec -- ex-00000002: acquiring connection with route {}->unix://localhost:2375
20:17:58.636 [main] DEBUG com.github.dockerjava.zerodep.shaded.org.apache.hc.client5.http.impl.classic.InternalHttpClient -- ex-00000002: acquiring endpoint (3 MINUTES)
20:17:58.636 [main] DEBUG com.github.dockerjava.zerodep.shaded.org.apache.hc.client5.http.impl.io.PoolingHttpClientConnectionManager -- ex-00000002: endpoint lease request (3 MINUTES) [route: {}->unix://localhost:2375][total available: 1; route allocated: 1 of 2147483647; total allocated: 1 of 2147483647]
20:17:58.636 [main] DEBUG com.github.dockerjava.zerodep.shaded.org.apache.hc.client5.http.impl.io.PoolingHttpClientConnectionManager -- ex-00000002: endpoint leased [route: {}->unix://localhost:2375][total available: 0; route allocated: 1 of 2147483647; total allocated: 1 of 2147483647]
20:17:58.636 [main] DEBUG com.github.dockerjava.zerodep.shaded.org.apache.hc.client5.http.impl.io.PoolingHttpClientConnectionManager -- ex-00000002: acquired ep-00000001
20:17:58.636 [main] DEBUG com.github.dockerjava.zerodep.shaded.org.apache.hc.client5.http.impl.classic.InternalHttpClient -- ex-00000002: acquired endpoint ep-00000001
20:17:58.636 [main] DEBUG com.github.dockerjava.zerodep.shaded.org.apache.hc.client5.http.impl.classic.MainClientExec -- ex-00000002: executing GET /v1.32/version HTTP/1.1
20:17:58.636 [main] DEBUG com.github.dockerjava.zerodep.shaded.org.apache.hc.client5.http.impl.classic.InternalHttpClient -- ep-00000001: start execution ex-00000002
20:17:58.636 [main] DEBUG com.github.dockerjava.zerodep.shaded.org.apache.hc.client5.http.impl.io.PoolingHttpClientConnectionManager -- ep-00000001: executing exchange ex-00000002 over http-outgoing-0
20:17:58.636 [main] DEBUG com.github.dockerjava.zerodep.shaded.org.apache.hc.client5.http.headers -- http-outgoing-0 >> GET /v1.32/version HTTP/1.1
20:17:58.636 [main] DEBUG com.github.dockerjava.zerodep.shaded.org.apache.hc.client5.http.headers -- http-outgoing-0 >> accept: application/json
20:17:58.636 [main] DEBUG com.github.dockerjava.zerodep.shaded.org.apache.hc.client5.http.headers -- http-outgoing-0 >> x-tc-sid: 0d9caffc-157c-4ea0-a33e-34b8aca8ffb6
20:17:58.636 [main] DEBUG com.github.dockerjava.zerodep.shaded.org.apache.hc.client5.http.headers -- http-outgoing-0 >> User-Agent: tc-java/1.19.3
20:17:58.636 [main] DEBUG com.github.dockerjava.zerodep.shaded.org.apache.hc.client5.http.headers -- http-outgoing-0 >> Accept-Encoding: gzip, x-gzip, deflate
20:17:58.636 [main] DEBUG com.github.dockerjava.zerodep.shaded.org.apache.hc.client5.http.headers -- http-outgoing-0 >> Host: localhost:2375
20:17:58.637 [main] DEBUG com.github.dockerjava.zerodep.shaded.org.apache.hc.client5.http.headers -- http-outgoing-0 >> Connection: keep-alive
20:17:58.637 [main] DEBUG com.github.dockerjava.zerodep.shaded.org.apache.hc.client5.http.wire -- http-outgoing-0 >> "GET /v1.32/version HTTP/1.1[\r][\n]"
20:17:58.637 [main] DEBUG com.github.dockerjava.zerodep.shaded.org.apache.hc.client5.http.wire -- http-outgoing-0 >> "accept: application/json[\r][\n]"
20:17:58.637 [main] DEBUG com.github.dockerjava.zerodep.shaded.org.apache.hc.client5.http.wire -- http-outgoing-0 >> "x-tc-sid: 0d9caffc-157c-4ea0-a33e-34b8aca8ffb6[\r][\n]"
20:17:58.637 [main] DEBUG com.github.dockerjava.zerodep.shaded.org.apache.hc.client5.http.wire -- http-outgoing-0 >> "User-Agent: tc-java/1.19.3[\r][\n]"
20:17:58.637 [main] DEBUG com.github.dockerjava.zerodep.shaded.org.apache.hc.client5.http.wire -- http-outgoing-0 >> "Accept-Encoding: gzip, x-gzip, deflate[\r][\n]"
20:17:58.637 [main] DEBUG com.github.dockerjava.zerodep.shaded.org.apache.hc.client5.http.wire -- http-outgoing-0 >> "Host: localhost:2375[\r][\n]"
20:17:58.637 [main] DEBUG com.github.dockerjava.zerodep.shaded.org.apache.hc.client5.http.wire -- http-outgoing-0 >> "Connection: keep-alive[\r][\n]"
20:17:58.637 [main] DEBUG com.github.dockerjava.zerodep.shaded.org.apache.hc.client5.http.wire -- http-outgoing-0 >> "[\r][\n]"
20:17:58.654 [main] DEBUG com.github.dockerjava.zerodep.shaded.org.apache.hc.client5.http.wire -- http-outgoing-0 << "HTTP/1.1 200 OK[\r][\n]"
20:17:58.654 [main] DEBUG com.github.dockerjava.zerodep.shaded.org.apache.hc.client5.http.wire -- http-outgoing-0 << "Api-Version: 1.42[\r][\n]"
20:17:58.654 [main] DEBUG com.github.dockerjava.zerodep.shaded.org.apache.hc.client5.http.wire -- http-outgoing-0 << "Content-Type: application/json[\r][\n]"
20:17:58.654 [main] DEBUG com.github.dockerjava.zerodep.shaded.org.apache.hc.client5.http.wire -- http-outgoing-0 << "Date: Sat, 18 May 2024 19:17:58 GMT[\r][\n]"
20:17:58.654 [main] DEBUG com.github.dockerjava.zerodep.shaded.org.apache.hc.client5.http.wire -- http-outgoing-0 << "Docker-Experimental: false[\r][\n]"
20:17:58.654 [main] DEBUG com.github.dockerjava.zerodep.shaded.org.apache.hc.client5.http.wire -- http-outgoing-0 << "Ostype: linux[\r][\n]"
20:17:58.654 [main] DEBUG com.github.dockerjava.zerodep.shaded.org.apache.hc.client5.http.wire -- http-outgoing-0 << "Server: Docker/23.0.5 (linux)[\r][\n]"
20:17:58.654 [main] DEBUG com.github.dockerjava.zerodep.shaded.org.apache.hc.client5.http.wire -- http-outgoing-0 << "Transfer-Encoding: chunked[\r][\n]"
20:17:58.654 [main] DEBUG com.github.dockerjava.zerodep.shaded.org.apache.hc.client5.http.wire -- http-outgoing-0 << "[\r][\n]"
20:17:58.654 [main] DEBUG com.github.dockerjava.zerodep.shaded.org.apache.hc.client5.http.headers -- http-outgoing-0 << HTTP/1.1 200 OK
20:17:58.654 [main] DEBUG com.github.dockerjava.zerodep.shaded.org.apache.hc.client5.http.headers -- http-outgoing-0 << Api-Version: 1.42
20:17:58.654 [main] DEBUG com.github.dockerjava.zerodep.shaded.org.apache.hc.client5.http.headers -- http-outgoing-0 << Content-Type: application/json
20:17:58.654 [main] DEBUG com.github.dockerjava.zerodep.shaded.org.apache.hc.client5.http.headers -- http-outgoing-0 << Date: Sat, 18 May 2024 19:17:58 GMT
20:17:58.654 [main] DEBUG com.github.dockerjava.zerodep.shaded.org.apache.hc.client5.http.headers -- http-outgoing-0 << Docker-Experimental: false
20:17:58.654 [main] DEBUG com.github.dockerjava.zerodep.shaded.org.apache.hc.client5.http.headers -- http-outgoing-0 << Ostype: linux
20:17:58.654 [main] DEBUG com.github.dockerjava.zerodep.shaded.org.apache.hc.client5.http.headers -- http-outgoing-0 << Server: Docker/23.0.5 (linux)
20:17:58.654 [main] DEBUG com.github.dockerjava.zerodep.shaded.org.apache.hc.client5.http.headers -- http-outgoing-0 << Transfer-Encoding: chunked
20:17:58.654 [main] DEBUG com.github.dockerjava.zerodep.shaded.org.apache.hc.client5.http.impl.classic.MainClientExec -- ex-00000002: connection can be kept alive for 3 MINUTES
20:17:58.654 [main] DEBUG com.github.dockerjava.zerodep.shaded.org.apache.hc.client5.http.wire -- http-outgoing-0 << "339[\r][\n]"
20:17:58.654 [main] DEBUG com.github.dockerjava.zerodep.shaded.org.apache.hc.client5.http.wire -- http-outgoing-0 << "{"Platform":{"Name":"Docker Desktop 4.19.0 (106363)"},"Components":[{"Name":"Engine","Version":"23.0.5","Details":{"ApiVersion":"1.42","Arch":"arm64","BuildTime":"2023-04-26T16:17:14.000000000+00:00","Experimental":"false","GitCommit":"94d3ad6","GoVersion":"go1.19.8","KernelVersion":"5.15.49-linuxkit","MinAPIVersion":"1.12","Os":"linux"}},{"Name":"containerd","Version":"1.6.20","Details":{"GitCommit":"2806fc1057397dbaeefbea0e4e17bddfbd388f38"}},{"Name":"runc","Version":"1.1.5","Details":{"GitCommit":"v1.1.5-0-gf19387a"}},{"Name":"docker-init","Version":"0.19.0","Details":{"GitCommit":"de40ad0"}}],"Version":"23.0.5","ApiVersion":"1.42","MinAPIVersion":"1.12","GitCommit":"94d3ad6","GoVersion":"go1.19.8","Os":"linux","Arch":"arm64","KernelVersion":"5.15.49-linuxkit","BuildTime":"2023-04-26T16:17:14.000000000+00:00"}[\n]"
20:17:58.654 [main] DEBUG com.github.dockerjava.zerodep.shaded.org.apache.hc.client5.http.wire -- http-outgoing-0 << "[\r][\n]"
20:17:58.658 [main] DEBUG com.github.dockerjava.zerodep.shaded.org.apache.hc.client5.http.wire -- http-outgoing-0 << "0[\r][\n]"
20:17:58.658 [main] DEBUG com.github.dockerjava.zerodep.shaded.org.apache.hc.client5.http.wire -- http-outgoing-0 << "[\r][\n]"
20:17:58.658 [main] DEBUG com.github.dockerjava.zerodep.shaded.org.apache.hc.client5.http.impl.classic.InternalHttpClient -- ep-00000001: releasing valid endpoint
20:17:58.658 [main] DEBUG com.github.dockerjava.zerodep.shaded.org.apache.hc.client5.http.impl.io.PoolingHttpClientConnectionManager -- ep-00000001: releasing endpoint
20:17:58.658 [main] DEBUG com.github.dockerjava.zerodep.shaded.org.apache.hc.client5.http.impl.io.PoolingHttpClientConnectionManager -- ep-00000001: connection http-outgoing-0 can be kept alive for 3 MINUTES
20:17:58.658 [main] DEBUG com.github.dockerjava.zerodep.shaded.org.apache.hc.client5.http.impl.io.PoolingHttpClientConnectionManager -- ep-00000001: connection released [route: {}->unix://localhost:2375][total available: 1; route allocated: 1 of 2147483647; total allocated: 1 of 2147483647]
20:17:58.658 [main] DEBUG org.testcontainers.DockerClientFactory -- Docker version: {Components=[{Name=Engine, Version=23.0.5, Details={ApiVersion=1.42, Arch=arm64, BuildTime=2023-04-26T16:17:14.000000000+00:00, Experimental=false, GitCommit=94d3ad6, GoVersion=go1.19.8, KernelVersion=5.15.49-linuxkit, MinAPIVersion=1.12, Os=linux}}, {Name=containerd, Version=1.6.20, Details={GitCommit=2806fc1057397dbaeefbea0e4e17bddfbd388f38}}, {Name=runc, Version=1.1.5, Details={GitCommit=v1.1.5-0-gf19387a}}, {Name=docker-init, Version=0.19.0, Details={GitCommit=de40ad0}}], KernelVersion=5.15.49-linuxkit, ApiVersion=1.42, Platform={Name=Docker Desktop 4.19.0 (106363)}, GitCommit=94d3ad6, Os=linux, Version=23.0.5, MinAPIVersion=1.12, Arch=arm64, GoVersion=go1.19.8, BuildTime=2023-04-26T16:17:14.000000000+00:00}
20:17:58.658 [main] INFO org.testcontainers.DockerClientFactory -- Connected to docker: 
  Server Version: 23.0.5
  API Version: 1.42
  Operating System: Docker Desktop
  Total Memory: 7851 MB
20:17:58.663 [main] DEBUG org.testcontainers.utility.RyukResourceReaper -- Ryuk is enabled
20:17:58.663 [main] DEBUG org.testcontainers.utility.PrefixingImageNameSubstitutor -- No prefix is configured
20:17:58.663 [main] DEBUG org.testcontainers.utility.ImageNameSubstitutor -- Did not find a substitute image for testcontainers/ryuk:0.5.1 (using image substitutor: DefaultImageNameSubstitutor (composite of 'ConfigurationFileImageNameSubstitutor' and 'PrefixingImageNameSubstitutor'))
20:17:58.664 [main] DEBUG org.testcontainers.shaded.com.github.dockerjava.core.command.AbstrDockerCmd -- Cmd: ListImagesCmdImpl[filters=org.testcontainers.shaded.com.github.dockerjava.core.util.FiltersBuilder@0,imageNameFilter=<null>,showAll=false]
20:17:58.665 [main] DEBUG com.github.dockerjava.zerodep.shaded.org.apache.hc.client5.http.impl.classic.InternalHttpClient -- ex-00000003: preparing request execution
20:17:58.665 [main] DEBUG com.github.dockerjava.zerodep.shaded.org.apache.hc.client5.http.protocol.RequestAddCookies -- Cookie spec selected: strict
20:17:58.665 [main] DEBUG com.github.dockerjava.zerodep.shaded.org.apache.hc.client5.http.protocol.RequestAuthCache -- Auth cache not set in the context
20:17:58.665 [main] DEBUG com.github.dockerjava.zerodep.shaded.org.apache.hc.client5.http.impl.classic.ProtocolExec -- ex-00000003: target auth state: UNCHALLENGED
20:17:58.665 [main] DEBUG com.github.dockerjava.zerodep.shaded.org.apache.hc.client5.http.impl.classic.ProtocolExec -- ex-00000003: proxy auth state: UNCHALLENGED
20:17:58.665 [main] DEBUG com.github.dockerjava.zerodep.shaded.org.apache.hc.client5.http.impl.classic.ConnectExec -- ex-00000003: acquiring connection with route {}->unix://localhost:2375
20:17:58.665 [main] DEBUG com.github.dockerjava.zerodep.shaded.org.apache.hc.client5.http.impl.classic.InternalHttpClient -- ex-00000003: acquiring endpoint (3 MINUTES)
20:17:58.665 [main] DEBUG com.github.dockerjava.zerodep.shaded.org.apache.hc.client5.http.impl.io.PoolingHttpClientConnectionManager -- ex-00000003: endpoint lease request (3 MINUTES) [route: {}->unix://localhost:2375][total available: 1; route allocated: 1 of 2147483647; total allocated: 1 of 2147483647]
20:17:58.666 [main] DEBUG com.github.dockerjava.zerodep.shaded.org.apache.hc.client5.http.impl.io.PoolingHttpClientConnectionManager -- ex-00000003: endpoint leased [route: {}->unix://localhost:2375][total available: 0; route allocated: 1 of 2147483647; total allocated: 1 of 2147483647]
20:17:58.666 [main] DEBUG com.github.dockerjava.zerodep.shaded.org.apache.hc.client5.http.impl.io.PoolingHttpClientConnectionManager -- ex-00000003: acquired ep-00000002
20:17:58.666 [main] DEBUG com.github.dockerjava.zerodep.shaded.org.apache.hc.client5.http.impl.classic.InternalHttpClient -- ex-00000003: acquired endpoint ep-00000002
20:17:58.666 [main] DEBUG com.github.dockerjava.zerodep.shaded.org.apache.hc.client5.http.impl.classic.MainClientExec -- ex-00000003: executing GET /v1.32/images/json HTTP/1.1
20:17:58.666 [main] DEBUG com.github.dockerjava.zerodep.shaded.org.apache.hc.client5.http.impl.classic.InternalHttpClient -- ep-00000002: start execution ex-00000003
20:17:58.666 [main] DEBUG com.github.dockerjava.zerodep.shaded.org.apache.hc.client5.http.impl.io.PoolingHttpClientConnectionManager -- ep-00000002: executing exchange ex-00000003 over http-outgoing-0
20:17:58.666 [main] DEBUG com.github.dockerjava.zerodep.shaded.org.apache.hc.client5.http.headers -- http-outgoing-0 >> GET /v1.32/images/json HTTP/1.1
20:17:58.666 [main] DEBUG com.github.dockerjava.zerodep.shaded.org.apache.hc.client5.http.headers -- http-outgoing-0 >> accept: application/json
20:17:58.666 [main] DEBUG com.github.dockerjava.zerodep.shaded.org.apache.hc.client5.http.headers -- http-outgoing-0 >> x-tc-sid: 0d9caffc-157c-4ea0-a33e-34b8aca8ffb6
20:17:58.666 [main] DEBUG com.github.dockerjava.zerodep.shaded.org.apache.hc.client5.http.headers -- http-outgoing-0 >> User-Agent: tc-java/1.19.3
20:17:58.666 [main] DEBUG com.github.dockerjava.zerodep.shaded.org.apache.hc.client5.http.headers -- http-outgoing-0 >> Accept-Encoding: gzip, x-gzip, deflate
20:17:58.666 [main] DEBUG com.github.dockerjava.zerodep.shaded.org.apache.hc.client5.http.headers -- http-outgoing-0 >> Host: localhost:2375
20:17:58.666 [main] DEBUG com.github.dockerjava.zerodep.shaded.org.apache.hc.client5.http.headers -- http-outgoing-0 >> Connection: keep-alive
20:17:58.666 [main] DEBUG com.github.dockerjava.zerodep.shaded.org.apache.hc.client5.http.wire -- http-outgoing-0 >> "GET /v1.32/images/json HTTP/1.1[\r][\n]"
20:17:58.666 [main] DEBUG com.github.dockerjava.zerodep.shaded.org.apache.hc.client5.http.wire -- http-outgoing-0 >> "accept: application/json[\r][\n]"
20:17:58.666 [main] DEBUG com.github.dockerjava.zerodep.shaded.org.apache.hc.client5.http.wire -- http-outgoing-0 >> "x-tc-sid: 0d9caffc-157c-4ea0-a33e-34b8aca8ffb6[\r][\n]"
20:17:58.666 [main] DEBUG com.github.dockerjava.zerodep.shaded.org.apache.hc.client5.http.wire -- http-outgoing-0 >> "User-Agent: tc-java/1.19.3[\r][\n]"
20:17:58.666 [main] DEBUG com.github.dockerjava.zerodep.shaded.org.apache.hc.client5.http.wire -- http-outgoing-0 >> "Accept-Encoding: gzip, x-gzip, deflate[\r][\n]"
20:17:58.666 [main] DEBUG com.github.dockerjava.zerodep.shaded.org.apache.hc.client5.http.wire -- http-outgoing-0 >> "Host: localhost:2375[\r][\n]"
20:17:58.666 [main] DEBUG com.github.dockerjava.zerodep.shaded.org.apache.hc.client5.http.wire -- http-outgoing-0 >> "Connection: keep-alive[\r][\n]"
20:17:58.666 [main] DEBUG com.github.dockerjava.zerodep.shaded.org.apache.hc.client5.http.wire -- http-outgoing-0 >> "[\r][\n]"
20:17:58.679 [main] DEBUG com.github.dockerjava.zerodep.shaded.org.apache.hc.client5.http.wire -- http-outgoing-0 << "HTTP/1.1 200 OK[\r][\n]"
20:17:58.679 [main] DEBUG com.github.dockerjava.zerodep.shaded.org.apache.hc.client5.http.wire -- http-outgoing-0 << "Api-Version: 1.42[\r][\n]"
20:17:58.680 [main] DEBUG com.github.dockerjava.zerodep.shaded.org.apache.hc.client5.http.wire -- http-outgoing-0 << "Content-Type: application/json[\r][\n]"
20:17:58.680 [main] DEBUG com.github.dockerjava.zerodep.shaded.org.apache.hc.client5.http.wire -- http-outgoing-0 << "Date: Sat, 18 May 2024 19:17:58 GMT[\r][\n]"
20:17:58.680 [main] DEBUG com.github.dockerjava.zerodep.shaded.org.apache.hc.client5.http.wire -- http-outgoing-0 << "Docker-Experimental: false[\r][\n]"
20:17:58.680 [main] DEBUG com.github.dockerjava.zerodep.shaded.org.apache.hc.client5.http.wire -- http-outgoing-0 << "Ostype: linux[\r][\n]"
20:17:58.680 [main] DEBUG com.github.dockerjava.zerodep.shaded.org.apache.hc.client5.http.wire -- http-outgoing-0 << "Server: Docker/23.0.5 (linux)[\r][\n]"
20:17:58.680 [main] DEBUG com.github.dockerjava.zerodep.shaded.org.apache.hc.client5.http.wire -- http-outgoing-0 << "Transfer-Encoding: chunked[\r][\n]"
20:17:58.680 [main] DEBUG com.github.dockerjava.zerodep.shaded.org.apache.hc.client5.http.wire -- http-outgoing-0 << "[\r][\n]"
20:17:58.680 [main] DEBUG com.github.dockerjava.zerodep.shaded.org.apache.hc.client5.http.headers -- http-outgoing-0 << HTTP/1.1 200 OK
20:17:58.680 [main] DEBUG com.github.dockerjava.zerodep.shaded.org.apache.hc.client5.http.headers -- http-outgoing-0 << Api-Version: 1.42
20:17:58.680 [main] DEBUG com.github.dockerjava.zerodep.shaded.org.apache.hc.client5.http.headers -- http-outgoing-0 << Content-Type: application/json
20:17:58.680 [main] DEBUG com.github.dockerjava.zerodep.shaded.org.apache.hc.client5.http.headers -- http-outgoing-0 << Date: Sat, 18 May 2024 19:17:58 GMT
20:17:58.680 [main] DEBUG com.github.dockerjava.zerodep.shaded.org.apache.hc.client5.http.headers -- http-outgoing-0 << Docker-Experimental: false
20:17:58.680 [main] DEBUG com.github.dockerjava.zerodep.shaded.org.apache.hc.client5.http.headers -- http-outgoing-0 << Ostype: linux
20:17:58.680 [main] DEBUG com.github.dockerjava.zerodep.shaded.org.apache.hc.client5.http.headers -- http-outgoing-0 << Server: Docker/23.0.5 (linux)
20:17:58.680 [main] DEBUG com.github.dockerjava.zerodep.shaded.org.apache.hc.client5.http.headers -- http-outgoing-0 << Transfer-Encoding: chunked
20:17:58.680 [main] DEBUG com.github.dockerjava.zerodep.shaded.org.apache.hc.client5.http.impl.classic.MainClientExec -- ex-00000003: connection can be kept alive for 3 MINUTES
20:17:58.680 [main] DEBUG com.github.dockerjava.zerodep.shaded.org.apache.hc.client5.http.wire -- http-outgoing-0 << "4e38[\r][\n]"
20:17:58.680 [main] DEBUG com.github.dockerjava.zerodep.shaded.org.apache.hc.client5.http.wire -- http-outgoing-0 << "[{"Containers":-1,"Created":1716059832,"Id":"sha256:952b92bad6881eff3132c0067f32bee5754ab38c78cc943af2625e417424094a","Labels":{"com.docker.compose.project":"learning-testcontainers","com.docker.compose.service":"customer-service","com.docker.compose.version":"2.17.3"},"ParentId":"","RepoDigests":null,"RepoTags":["learning-testcontainers-customer-service:latest"],"SharedSize":-1,"Size":524364682,"VirtualSize":524364682},{"Containers":-1,"Created":1716059746,"Id":"sha256:0150bc113463115258d91d4d18d71da883d9d2e0be1eb42fabb175983272b367","Labels":{"com.docker.compose.project":"learning-testcontainers","com.docker.compose.service":"customer-service","com.docker.compose.version":"2.17.3"},"ParentId":"","RepoDigests":["<none>@<none>"],"RepoTags":["<none>:<none>"],"SharedSize":-1,"Size":524364606,"VirtualSize":524364606},{"Containers":-1,"Created":1716059690,"Id":"sha256:264924a830b886dcf1ce001d7da5ebf5c21620e1f2f2d1e195f69b967bc69f08","Labels":{"com.docker.compose.project":"learning-testcontainers","com.docker.compose.service":"customer-service","com.docker.compose.version":"2.17.3"},"ParentId":"","RepoDigests":["<none>@<none>"],"RepoTags":["<none>:<none>"],"SharedSize":-1,"Size":524364634,"VirtualSize":524364634},{"Containers":-1,"Created":1716059489,"Id":"sha256:d050e7274c8972d1b7556a45cc46b4a2762cf4723039e77a74c0a17ecd8bea12","Labels":{"com.docker.compose.project":"learning-testcontainers","com.docker.compose.service":"customer-service","com.docker.compose.version":"2.17.3"},"ParentId":"","RepoDigests":["<none>@<none>"],"RepoTags":["<none>:<none>"],"SharedSize":-1,"Size":524364616,"VirtualSize":524364616},{"Containers":-1,"Created":1716058737,"Id":"sha256:0a7330b20320140fef1387e26df1a6e478ed0cfd623ffa5186aee439515b2d7c","Labels":null,"ParentId":"","RepoDigests":null,"RepoTags":["ag6p42cr5tvo_customer-service:latest","bcyvqblybre4_customer-service:latest","vmxvpsxkxwxh_customer-service:latest","w6teu71ewnze_customer-service:latest","zceintxyk2yy_customer-service:latest"],"SharedSize":-1,"Size":524364616,"VirtualSize":524364616},{"Containers":-1,"Created":1716058521,"Id":"sha256:4d642b7a9a98395df9f83639f0d595e77910959cd51aa495f19f6be7e70f1f63","Labels":null,"ParentId":"","RepoDigests":null,"RepoTags":["jqwjm9nxsgdw_customer-service:latest"],"SharedSize":-1,"Size":524364311,"VirtualSize":524364311},{"Containers":-1,"Created":1716058474,"Id":"sha256:8a4f79ea82706e5d208b080b09b1e32d78608127cda4118feb6cd750c5860373","Labels":{"com.docker.compose.project":"learning-testcontainers","com.docker.compose.service":"customer-service","com.docker.compose.version":"2.17.3"},"ParentId":"","RepoDigests":["<none>@<none>"],"RepoTags":["<none>:<none>"],"SharedSize":-1,"Size":524364311,"VirtualSize":524364311},{"Containers":-1,"Created":1716058084,"Id":"sha256:cf913c62fdcf74af9d16df3ccb66e42391b9d6cf3df249c879f757a6873d6863","Labels":null,"ParentId":"","RepoDigests":null,"RepoTags":["cswdfblxjeyi_customer-service:latest","elhdfdahax7n_customer-service:latest","lahxdpy2xcs9_customer-service:latest","mztx8de1xe8b_customer-service:latest","n4fnznyayh6k_customer-service:latest"],"SharedSize":-1,"Size":524364606,"VirtualSize":524364606},{"Containers":-1,"Created":1716057903,"Id":"sha256:646c6b26c71498a2305ebc9b84d49bef4c270d18f70ef88d97f7722a4212c844","Labels":{"com.docker.compose.project":"learning-testcontainers","com.docker.compose.service":"customer-service","com.docker.compose.version":"2.17.3"},"ParentId":"","RepoDigests":["<none>@<none>"],"RepoTags":["<none>:<none>"],"SharedSize":-1,"Size":524364606,"VirtualSize":524364606},{"Containers":-1,"Created":1716056651,"Id":"sha256:2455f6c828066605a183afd424e5ac3267227e8c1ab1aaa8fee156f1a4685799","Labels":{"com.docker.compose.project":"learning-testcontainers","com.docker.compose.service":"customer-service","com.docker.compose.version":"2.17.3"},"ParentId":"","RepoDigests":["<none>@<none>"],"RepoTags":["<none>:<none>"],"SharedSize":-1,"Size":524364606,"VirtualSize":524364606},{"Containers":-1,"Created":1716050850,"Id":"sha256:4749b5f512d2200adb34f2f7a5404e99aa160f3fbeee803d69b96f71bc8d25e6","Labels":{"com.docker.compose.project":"learning-testcontainers","com.docker.compose.service":"customer-service","com.docker.compose.version":"2.17.3"},"ParentId":"","RepoDigests":["<none>@<none>"],"RepoTags":["<none>:<none>"],"SharedSize":-1,"Size":524364624,"VirtualSize":524364624},{"Containers":-1,"Created":1716047410,"Id":"sha256:7edf86c9963175ef27d1f262a1b444649696d2003e187389fce72bf820fd2083","Labels":{"com.docker.compose.project":"learning-testcontainers","com.docker.compose.service":"customer-service","com.docker.compose.version":"2.17.3"},"ParentId":"","RepoDigests":["<none>@<none>"],"RepoTags":["<none>:<none>"],"SharedSize":-1,"Size":524364622,"VirtualSize":524364622},{"Containers":-1,"Created":1716047008,"Id":"sha256:34d412b02f6ba8557cb60aa21dd13f327012fce55b4ab8dbedbb1e2261c34641","Labels":{"com.docker.compose.project":"learning-testcontainers","com.docker.compose.service":"customer-service","com.docker.compose.version":"2.17.3"},"ParentId":"","RepoDigests":["<none>@<none>"],"RepoTags":["<none>:<none>"],"SharedSize":-1,"Size":524364622,"VirtualSize":524364622},{"Containers":-1,"Created":1715984037,"Id":"sha256:248fa98c6fb587a9ad30a76479b3f6de0c727e6870d560443763abe659915a09","Labels":{"com.docker.compose.project":"learning-testcontainers","com.docker.compose.service":"customer-service","com.docker.compose.version":"2.17.3"},"ParentId":"","RepoDigests":["<none>@<none>"],"RepoTags":["<none>:<none>"],"SharedSize":-1,"Size":524364600,"VirtualSize":524364600},{"Containers":-1,"Created":1715983900,"Id":"sha256:d4aa91ad59c2872a4a2deac46f159b35c73fd33e810434a86640704f3e180864","Labels":{"com.docker.compose.project":"learning-testcontainers","com.docker.compose.service":"customer-service","com.docker.compose.version":"2.17.3"},"ParentId":"","RepoDigests":["<none>@<none>"],"RepoTags":["<none>:<none>"],"SharedSize":-1,"Size":524364678,"VirtualSize":524364678},{"Containers":-1,"Created":1715983711,"Id":"sha256:e6aaaf744e20d685a293d619587baec06fef20bf91e236cdf30c111d63267496","Labels":{"com.docker.compose.project":"learning-testcontainers","com.docker.compose.service":"customer-service","com.docker.compose.version":"2.17.3"},"ParentId":"","RepoDigests":["<none>@<none>"],"RepoTags":["<none>:<none>"],"SharedSize":-1,"Size":524364514,"VirtualSize":524364514},{"Containers":-1,"Created":1715983312,"Id":"sha256:ccdeda913c1212ef9c5fec36254dde73d0ff5bf3851d4e28a56c590f5465ec0c","Labels":{"com.docker.compose.project":"learning-testcontainers","com.docker.compose.service":"customer-service","com.docker.compose.version":"2.17.3"},"ParentId":"","RepoDigests":["<none>@<none>"],"RepoTags":["<none>:<none>"],"SharedSize":-1,"Size":524364563,"VirtualSize":524364563},{"Containers":-1,"Created":1715983165,"Id":"sha256:cd46d01927e29589baafaf62239abd80219e5c6cd4140d12536c405e5db09629","Labels":{"com.docker.compose.project":"learning-testcontainers","com.docker.compose.service":"customer-service","com.docker.compose.version":"2.17.3"},"ParentId":"","RepoDigests":["<none>@<none>"],"RepoTags":["<none>:<none>"],"SharedSize":-1,"Size":524364532,"VirtualSize":524364532},{"Containers":-1,"Created":1715983067,"Id":"sha256:a6d2912a287356c6cd7d79401cab5036de2ea7e8f5af22b4e5dafa99d5e2bbf5","Labels":{"com.docker.compose.project":"learning-testcontainers","com.docker.compose.service":"customer-service","com.docker.compose.version":"2.17.3"},"ParentId":"","RepoDigests":["<none>@<none>"],"RepoTags":["<none>:<none>"],"SharedSize":-1,"Size":524364552,"VirtualSize":524364552},{"Containers":-1,"Created":1715982925,"Id":"sha256:da09ab57eb590deda14ebc23ccb1e146388934df997dcd9e03d54f57591fe24b","Labels":{"com.docker.compose.project":"learning-testcontainers","com.docker.compose.service":"customer-service","com.docker.compose.version":"2.17.3"},"ParentId":"","RepoDigests":["<none>@<none>"],"RepoTags":["<none>:<none>"],"SharedSize":-1,"Size":524364559,"VirtualSize":524364559},{"Containers":-1,"Created":1715982850,"Id":"sha256:348707b9475545d4bff0a157c7c14dfe460fcc94781145c3cd057d52038ebb0e","Labels":{"com.docker.compose.project":"learning-testcontainers","com.docker.co"
20:17:58.685 [main] DEBUG com.github.dockerjava.zerodep.shaded.org.apache.hc.client5.http.wire -- http-outgoing-0 << "mpose.service":"customer-service","com.docker.compose.version":"2.17.3"},"ParentId":"","RepoDigests":["<none>@<none>"],"RepoTags":["<none>:<none>"],"SharedSize":-1,"Size":524364158,"VirtualSize":524364158},{"Containers":-1,"Created":1715982794,"Id":"sha256:3921a27bd5bbfa2ddc6028bdd3f3190d728982fd4f938f22caf0adc389128cf7","Labels":{"com.docker.compose.project":"learning-testcontainers","com.docker.compose.service":"customer-service","com.docker.compose.version":"2.17.3"},"ParentId":"","RepoDigests":["<none>@<none>"],"RepoTags":["<none>:<none>"],"SharedSize":-1,"Size":524364174,"VirtualSize":524364174},{"Containers":-1,"Created":1715982614,"Id":"sha256:774474b861ea27c2d81156817531e5442f3efc7989da434292a76bb636509350","Labels":{"com.docker.compose.project":"learning-testcontainers","com.docker.compose.service":"customer-service","com.docker.compose.version":"2.17.3"},"ParentId":"","RepoDigests":["<none>@<none>"],"RepoTags":["<none>:<none>"],"SharedSize":-1,"Size":524364252,"VirtualSize":524364252},{"Containers":-1,"Created":1715982369,"Id":"sha256:5879843d5390494656c1aa420e6ac069bbae3ad7be7af7cd79c1bd1fb9f3fb41","Labels":{"com.docker.compose.project":"learning-testcontainers","com.docker.compose.service":"customer-service","com.docker.compose.version":"2.17.3"},"ParentId":"","RepoDigests":["<none>@<none>"],"RepoTags":["<none>:<none>"],"SharedSize":-1,"Size":524364475,"VirtualSize":524364475},{"Containers":-1,"Created":1715981912,"Id":"sha256:ad00d6236086a2b94749d840e311011904afae35778837a3472575f582b1e821","Labels":{"com.docker.compose.project":"learning-testcontainers","com.docker.compose.service":"customer-service","com.docker.compose.version":"2.17.3"},"ParentId":"","RepoDigests":["<none>@<none>"],"RepoTags":["<none>:<none>"],"SharedSize":-1,"Size":524364475,"VirtualSize":524364475},{"Containers":-1,"Created":1715978405,"Id":"sha256:b4a12e7c911f9160ce25af944235af63dbfde6377660f759e0857a733d37e181","Labels":{"com.docker.compose.project":"learning-testcontainers","com.docker.compose.service":"customer-service","com.docker.compose.version":"2.17.3"},"ParentId":"","RepoDigests":["<none>@<none>"],"RepoTags":["<none>:<none>"],"SharedSize":-1,"Size":524364433,"VirtualSize":524364433},{"Containers":-1,"Created":1715978366,"Id":"sha256:0d2ac006bd8adf6125a64188ca877440e3b529a078bdb6f3631d46870eda0051","Labels":{"com.docker.compose.project":"learning-testcontainers","com.docker.compose.service":"customer-service","com.docker.compose.version":"2.17.3"},"ParentId":"","RepoDigests":["<none>@<none>"],"RepoTags":["<none>:<none>"],"SharedSize":-1,"Size":524363981,"VirtualSize":524363981},{"Containers":-1,"Created":1715978306,"Id":"sha256:80555d02cc9f59186335a7dbcd7c3ba4c27286d60b1c516ab146fa58d373bcf7","Labels":{"com.docker.compose.project":"learning-testcontainers","com.docker.compose.service":"customer-service","com.docker.compose.version":"2.17.3"},"ParentId":"","RepoDigests":["<none>@<none>"],"RepoTags":["<none>:<none>"],"SharedSize":-1,"Size":524363982,"VirtualSize":524363982},{"Containers":-1,"Created":1715978211,"Id":"sha256:e9d4345b0ff304806f9007f6b8298905612051620791b8ef740d3e1f4215453d","Labels":{"com.docker.compose.project":"learning-testcontainers","com.docker.compose.service":"customer-service","com.docker.compose.version":"2.17.3"},"ParentId":"","RepoDigests":["<none>@<none>"],"RepoTags":["<none>:<none>"],"SharedSize":-1,"Size":524364100,"VirtualSize":524364100},{"Containers":-1,"Created":1715978052,"Id":"sha256:267204a56a05d5fea6c7c7235d67f2745a28d3a949b9af4b45e574fc3fb63475","Labels":{"com.docker.compose.project":"learning-testcontainers","com.docker.compose.service":"customer-service","com.docker.compose.version":"2.17.3"},"ParentId":"","RepoDigests":["<none>@<none>"],"RepoTags":["<none>:<none>"],"SharedSize":-1,"Size":524365529,"VirtualSize":524365529},{"Containers":-1,"Created":1715977799,"Id":"sha256:2e92a568c2ff6629b1cc8e1707b8e5c4d76ad724d7e8b78f09844622b371f898","Labels":{"com.docker.compose.project":"learning-testcontainers","com.docker.compose.service":"customer-service","com.docker.compose.version":"2.17.3"},"ParentId":"","RepoDigests":["<none>@<none>"],"RepoTags":["<none>:<none>"],"SharedSize":-1,"Size":524365432,"VirtualSize":524365432},{"Containers":-1,"Created":1715977500,"Id":"sha256:fddf7b3f1de919a66c1d549e7f0a20caf87a261ffbb6e0f46e7c58e84fd868fc","Labels":{"com.docker.compose.project":"learning-testcontainers","com.docker.compose.service":"customer-service","com.docker.compose.version":"2.17.3"},"ParentId":"","RepoDigests":["<none>@<none>"],"RepoTags":["<none>:<none>"],"SharedSize":-1,"Size":524364514,"VirtualSize":524364514},{"Containers":-1,"Created":1715977468,"Id":"sha256:4a4dd9e601c665621280c5a302d253379a0de9f2e6f94e3b514755dbce313cd8","Labels":{"com.docker.compose.project":"learning-testcontainers","com.docker.compose.service":"customer-service","com.docker.compose.version":"2.17.3"},"ParentId":"","RepoDigests":["<none>@<none>"],"RepoTags":["<none>:<none>"],"SharedSize":-1,"Size":524364433,"VirtualSize":524364433},{"Containers":-1,"Created":1715977377,"Id":"sha256:d4d5504e2d0c2c6467e0bf38060a61bf5342aba0c73d3b4f540f81c17696a47c","Labels":{"com.docker.compose.project":"learning-testcontainers","com.docker.compose.service":"customer-service","com.docker.compose.version":"2.17.3"},"ParentId":"","RepoDigests":["<none>@<none>"],"RepoTags":["<none>:<none>"],"SharedSize":-1,"Size":524364473,"VirtualSize":524364473},{"Containers":-1,"Created":1715977179,"Id":"sha256:44ef16168891f602641f20df1196e0f26ad0a4ad1ab7e821c5fa61f1594c8c17","Labels":{"com.docker.compose.project":"learning-testcontainers","com.docker.compose.service":"customer-service","com.docker.compose.version":"2.17.3"},"ParentId":"","RepoDigests":["<none>@<none>"],"RepoTags":["<none>:<none>"],"SharedSize":-1,"Size":524364514,"VirtualSize":524364514},{"Containers":-1,"Created":1715976904,"Id":"sha256:5223daa59098b4438cb8514dbe2c7fd2fe2a273802bf2cdc8950d757d3a3d98a","Labels":{"com.docker.compose.project":"learning-testcontainers","com.docker.compose.service":"customer-service","com.docker.compose.version":"2.17.3"},"ParentId":"","RepoDigests":["<none>@<none>"],"RepoTags":["<none>:<none>"],"SharedSize":-1,"Size":524364476,"VirtualSize":524364476},{"Containers":-1,"Created":1715976768,"Id":"sha256:ddb1b71504a3d15b2f7f310347d7e600aa2c163852980da68393afc8182d6074","Labels":{"com.docker.compose.project":"learning-testcontainers","com.docker.compose.service":"customer-service","com.docker.compose.version":"2.17.3"},"ParentId":"","RepoDigests":["<none>@<none>"],"RepoTags":["<none>:<none>"],"SharedSize":-1,"Size":524364473,"VirtualSize":524364473},{"Containers":-1,"Created":1715976677,"Id":"sha256:79278b148d5ab0b852cc1cb6b3f56d46ae5d849f7d6a2065976eb3b3af3fb54e","Labels":{"com.docker.compose.project":"learning-testcontainers","com.docker.compose.service":"customer-service","com.docker.compose.version":"2.17.3"},"ParentId":"","RepoDigests":["<none>@<none>"],"RepoTags":["<none>:<none>"],"SharedSize":-1,"Size":524364515,"VirtualSize":524364515},{"Containers":-1,"Created":1715976617,"Id":"sha256:d89766ed94a1b36ce2d7a9a342f84ea9b2eb970df38b7b06db78ab7b5dc8af88","Labels":{"com.docker.compose.project":"learning-testcontainers","com.docker.compose.service":"customer-service","com.docker.compose.version":"2.17.3"},"ParentId":"","RepoDigests":["<none>@<none>"],"RepoTags":["<none>:<none>"],"SharedSize":-1,"Size":524364514,"VirtualSize":524364514},{"Containers":-1,"Created":1715976193,"Id":"sha256:bd5a19a3f610f8a411fd3d8f88d7c28e28511cc367ff79281332650175816351","Labels":{"com.docker.compose.project":"learning-testcontainers","com.docker.compose.service":"customer-service","com.docker.compose.version":"2.17.3"},"ParentId":"","RepoDigests":["<none>@<none>"],"RepoTags":["<none>:<none>"],"SharedSize":-1,"Size":524364479,"VirtualSize":524364479},{"Containers":-1,"Created":1715976047,"Id":"sha256:55b88de848afbb8d1626a0616525fa1e65654d056cf3d4b27977667b4c64b6fc","Labels":{"com.docker.compose.project":"
20:17:58.687 [main] DEBUG com.github.dockerjava.zerodep.shaded.org.apache.hc.client5.http.wire -- http-outgoing-0 << ""learning-testcontainers","com.docker.compose.service":"customer-service","com.docker.compose.version":"2.17.3"},"ParentId":"","RepoDigests":["<none>@<none>"],"RepoTags":["<none>:<none>"],"SharedSize":-1,"Size":524364446,"VirtualSize":524364446},{"Containers":-1,"Created":1715975462,"Id":"sha256:e29a5eabf52f5d4a55db8df921e0016c489edf472c1568d10098faf33c1869e2","Labels":{"com.docker.compose.project":"learning-testcontainers","com.docker.compose.service":"customer-service","com.docker.compose.version":"2.17.3"},"ParentId":"","RepoDigests":["<none>@<none>"],"RepoTags":["<none>:<none>"],"SharedSize":-1,"Size":524364418,"VirtualSize":524364418},{"Containers":-1,"Created":1715974680,"Id":"sha256:72891e83f7bce7b42de683c302a376c8cae1fdf1070c8b32fc47639902d362cf","Labels":{"com.docker.compose.project":"learning-testcontainers","com.docker.compose.service":"customer-service","com.docker.compose.version":"2.17.3"},"ParentId":"","RepoDigests":["<none>@<none>"],"RepoTags":["<none>:<none>"],"SharedSize":-1,"Size":524362658,"VirtualSize":524362658},{"Containers":-1,"Created":1715974144,"Id":"sha256:6332769b09343ff10030382d823294db5227787d7242031f88a7f2fe0b7bb519","Labels":{"com.docker.compose.project":"learning-testcontainers","com.docker.compose.service":"customer-service","com.docker.compose.version":"2.17.3"},"ParentId":"","RepoDigests":["<none>@<none>"],"RepoTags":["<none>:<none>"],"SharedSize":-1,"Size":524362835,"VirtualSize":524362835},{"Containers":-1,"Created":1715281091,"Id":"sha256:f701604050b1a8d036bdaf899d2189602d4acd7d4f396d079c364194512c8b85","Labels":null,"ParentId":"","RepoDigests":["postgres@sha256:1bf73ccae25238fa555100080042f0b2f9be08eb757e200fe6afc1fc413a1b3c"],"RepoTags":["postgres:latest"],"SharedSize":-1,"Size":453348910,"VirtualSize":453348910},{"Containers":-1,"Created":1715280257,"Id":"sha256:43577b2f2c6dc39f4dc9b923f8610fbc9465ae61ac3e5846f6a10c0a3ad3ea0a","Labels":null,"ParentId":"","RepoDigests":["postgres@sha256:6c2118c2e7c6ad2f627f626bd18fc9b5b7b417f680a7a77a81ded84b6aeff154"],"RepoTags":["postgres:15-alpine"],"SharedSize":-1,"Size":251866419,"VirtualSize":251866419},{"Containers":-1,"Created":1706312705,"Id":"sha256:4a74307a1e883ed17c97040bbeafc11ecbe8d91099eea74bbca2025c45b5106b","Labels":null,"ParentId":"","RepoDigests":["alpine@sha256:452e7292acee0ee16c332324d7de05fa2c99f9994ecc9f0779c602916a672ae4"],"RepoTags":["alpine:3.16"],"SharedSize":-1,"Size":5303348,"VirtualSize":5303348},{"Containers":-1,"Created":1684336517,"Id":"sha256:8be3fdcaa3e89af39fed008cb8812a360bc4aae7098c708363ad773b4ea83315","Labels":{"org.testcontainers.ryuk":"true"},"ParentId":"","RepoDigests":["testcontainers/ryuk@sha256:533abc56c07b52a26c955d1e7ae428d810582ab01c156384ae79960eb5fa0775"],"RepoTags":["testcontainers/ryuk:0.5.1"],"SharedSize":-1,"Size":12171500,"VirtualSize":12171500},{"Containers":-1,"Created":1651102194,"Id":"sha256:4717374ea615130b05563033606c237efe452e58018595092592ed35a1fb8d5e","Labels":null,"ParentId":"","RepoDigests":["openjdk@sha256:528707081fdb9562eb819128a9f85ae7fe000e2fbaeaf9f87662e7b3f38cb7d8"],"RepoTags":["openjdk:17"],"SharedSize":-1,"Size":501295850,"VirtualSize":501295850},{"Containers":-1,"Created":1649589302,"Id":"sha256:9458f9a6da2a6960ddac7f0c1adc3e8e96255a3bc0c4500e7bb535d670bb65cf","Labels":null,"ParentId":"","RepoDigests":["alpine/socat@sha256:acddcaba75c107cf807d1131788e931163d2fa778bc229ff97b32ca85954842c"],"RepoTags":["alpine/socat:1.7.4.3-r0"],"SharedSize":-1,"Size":6810051,"VirtualSize":6810051},{"Containers":-1,"Created":1620646959,"Id":"sha256:32d8a4638cd83922fdd94cadf4f1850b595d29757488c73adf05f4b99ebd1318","Labels":null,"ParentId":"","RepoDigests":["docker/compose@sha256:ae66070588c539b965986dc74e9371e3e62ef71668b72a5eed70de111ed3659e"],"RepoTags":["docker/compose:1.29.2"],"SharedSize":-1,"Size":76194233,"VirtualSize":76194233}][\n]"
20:17:58.688 [main] DEBUG com.github.dockerjava.zerodep.shaded.org.apache.hc.client5.http.wire -- http-outgoing-0 << "[\r][\n]"
20:17:58.688 [main] DEBUG com.github.dockerjava.zerodep.shaded.org.apache.hc.client5.http.wire -- http-outgoing-0 << "0[\r][\n]"
20:17:58.688 [main] DEBUG com.github.dockerjava.zerodep.shaded.org.apache.hc.client5.http.wire -- http-outgoing-0 << "[\r][\n]"
20:17:58.688 [main] DEBUG com.github.dockerjava.zerodep.shaded.org.apache.hc.client5.http.impl.classic.InternalHttpClient -- ep-00000002: releasing valid endpoint
20:17:58.689 [main] DEBUG com.github.dockerjava.zerodep.shaded.org.apache.hc.client5.http.impl.io.PoolingHttpClientConnectionManager -- ep-00000002: releasing endpoint
20:17:58.689 [main] DEBUG com.github.dockerjava.zerodep.shaded.org.apache.hc.client5.http.impl.io.PoolingHttpClientConnectionManager -- ep-00000002: connection http-outgoing-0 can be kept alive for 3 MINUTES
20:17:58.689 [main] DEBUG com.github.dockerjava.zerodep.shaded.org.apache.hc.client5.http.impl.io.PoolingHttpClientConnectionManager -- ep-00000002: connection released [route: {}->unix://localhost:2375][total available: 1; route allocated: 1 of 2147483647; total allocated: 1 of 2147483647]
20:17:58.690 [main] DEBUG org.testcontainers.images.AbstractImagePullPolicy -- Using locally available and not pulling image: testcontainers/ryuk:0.5.1
20:17:58.690 [main] DEBUG tc.testcontainers/ryuk:0.5.1 -- Starting container: testcontainers/ryuk:0.5.1
20:17:58.690 [main] DEBUG tc.testcontainers/ryuk:0.5.1 -- Trying to start container: testcontainers/ryuk:0.5.1 (attempt 1/1)
20:17:58.690 [main] DEBUG tc.testcontainers/ryuk:0.5.1 -- Starting container: testcontainers/ryuk:0.5.1
20:17:58.690 [main] INFO tc.testcontainers/ryuk:0.5.1 -- Creating container for image: testcontainers/ryuk:0.5.1
20:17:58.692 [main] DEBUG org.testcontainers.utility.RegistryAuthLocator -- Looking up auth config for image: testcontainers/ryuk:0.5.1 at registry: https://index.docker.io/v1/
20:17:58.692 [main] DEBUG org.testcontainers.utility.RegistryAuthLocator -- RegistryAuthLocator has configFile: /Users/nico/.docker/config.json (exists) configEnv: DOCKER_AUTH_CONFIG (does not exist) and commandPathPrefix: 
20:17:58.692 [main] DEBUG org.testcontainers.utility.RegistryAuthLocator -- RegistryAuthLocator reading from configFile: /Users/nico/.docker/config.json
20:17:58.692 [main] DEBUG org.testcontainers.utility.RegistryAuthLocator -- registryName [https://index.docker.io/v1/] for dockerImageName [testcontainers/ryuk:0.5.1]
20:17:58.692 [main] DEBUG org.testcontainers.utility.RegistryAuthLocator -- Executing docker credential provider: docker-credential-desktop to locate auth config for: https://index.docker.io/v1/
20:17:58.694 [main] DEBUG org.testcontainers.shaded.org.zeroturnaround.exec.ProcessExecutor -- Executing [docker-credential-desktop, get].
20:17:58.698 [main] DEBUG org.testcontainers.shaded.org.zeroturnaround.exec.ProcessExecutor -- Started Process[pid=84900, exitValue="not exited"]
20:17:58.785 [WaitForProcess-Process[pid=84900, exitValue="not exited"]] DEBUG org.testcontainers.shaded.org.zeroturnaround.exec.WaitForProcess -- Process[pid=84900, exitValue=1] stopped with exit code 1
20:17:58.786 [main] DEBUG org.testcontainers.shaded.org.zeroturnaround.exec.ProcessExecutor -- Executing [docker-credential-desktop, get].
20:17:58.788 [main] DEBUG org.testcontainers.shaded.org.zeroturnaround.exec.ProcessExecutor -- Started Process[pid=84907, exitValue="not exited"]
20:17:58.867 [WaitForProcess-Process[pid=84907, exitValue="not exited"]] DEBUG org.testcontainers.shaded.org.zeroturnaround.exec.WaitForProcess -- Process[pid=84907, exitValue=1] stopped with exit code 1
20:17:58.867 [main] DEBUG org.testcontainers.utility.RegistryAuthLocator -- Got credentials not found error message from docker credential helper - credentials not found in native keychain
20:17:58.867 [main] INFO org.testcontainers.utility.RegistryAuthLocator -- Credential helper/store (docker-credential-desktop) does not have credentials for https://index.docker.io/v1/
20:17:58.867 [main] DEBUG org.testcontainers.utility.RegistryAuthLocator -- No matching Auth Configs - falling back to defaultAuthConfig [null]
20:17:58.867 [main] DEBUG org.testcontainers.dockerclient.AuthDelegatingDockerClientConfig -- Effective auth config [null]
20:17:58.871 [main] DEBUG org.testcontainers.shaded.com.github.dockerjava.core.command.AbstrDockerCmd -- Cmd: org.testcontainers.shaded.com.github.dockerjava.core.command.CreateContainerCmdImpl@66238be2[aliases=<null>,argsEscaped=<null>,attachStderr=<null>,attachStdin=<null>,attachStdout=<null>,authConfig=<null>,cmd={},domainName=<null>,entrypoint=<null>,env={},exposedPorts=ExposedPorts(exposedPorts=[8080/tcp]),healthcheck=<null>,hostConfig=HostConfig(binds=[/var/run/docker.sock:/var/run/docker.sock:rw], blkioWeight=null, blkioWeightDevice=null, blkioDeviceReadBps=null, blkioDeviceWriteBps=null, blkioDeviceReadIOps=null, blkioDeviceWriteIOps=null, memorySwappiness=null, nanoCPUs=null, capAdd=null, capDrop=null, containerIDFile=null, cpuPeriod=null, cpuRealtimePeriod=null, cpuRealtimeRuntime=null, cpuShares=null, cpuQuota=null, cpusetCpus=null, cpusetMems=null, devices=null, deviceCgroupRules=null, deviceRequests=null, diskQuota=null, dns=null, dnsOptions=null, dnsSearch=null, extraHosts=[], groupAdd=null, ipcMode=null, cgroup=null, links=[], logConfig=LogConfig(type=null, config=null), lxcConf=null, memory=null, memorySwap=null, memoryReservation=null, kernelMemory=null, networkMode=null, oomKillDisable=null, init=null, autoRemove=true, oomScoreAdj=null, portBindings={8080/tcp=[Lcom.github.dockerjava.api.model.Ports$Binding;@41382722}, privileged=true, publishAllPorts=null, readonlyRootfs=null, restartPolicy=null, ulimits=null, cpuCount=null, cpuPercent=null, ioMaximumIOps=null, ioMaximumBandwidth=null, volumesFrom=[], mounts=null, pidMode=null, isolation=null, securityOpts=null, storageOpt=null, cgroupParent=null, volumeDriver=null, shmSize=null, pidsLimit=null, runtime=null, tmpFs=null, utSMode=null, usernsMode=null, sysctls=null, consoleSize=null, cgroupnsMode=null),hostName=<null>,image=testcontainers/ryuk:0.5.1,ipv4Address=<null>,ipv6Address=<null>,labels={org.testcontainers=true, org.testcontainers.lang=java, org.testcontainers.version=1.19.3},macAddress=<null>,name=testcontainers-ryuk-0d9caffc-157c-4ea0-a33e-34b8aca8ffb6,networkDisabled=<null>,networkingConfig=<null>,onBuild=<null>,platform=<null>,portSpecs=<null>,shell=<null>,stdInOnce=<null>,stdinOpen=<null>,stopSignal=<null>,stopTimeout=<null>,tty=<null>,user=<null>,volumes=Volumes(volumes=[]),workingDir=<null>]
20:17:58.900 [main] DEBUG com.github.dockerjava.zerodep.shaded.org.apache.hc.client5.http.impl.classic.InternalHttpClient -- ex-00000004: preparing request execution
20:17:58.900 [main] DEBUG com.github.dockerjava.zerodep.shaded.org.apache.hc.client5.http.protocol.RequestAddCookies -- Cookie spec selected: strict
20:17:58.901 [main] DEBUG com.github.dockerjava.zerodep.shaded.org.apache.hc.client5.http.protocol.RequestAuthCache -- Auth cache not set in the context
20:17:58.901 [main] DEBUG com.github.dockerjava.zerodep.shaded.org.apache.hc.client5.http.impl.classic.ProtocolExec -- ex-00000004: target auth state: UNCHALLENGED
20:17:58.901 [main] DEBUG com.github.dockerjava.zerodep.shaded.org.apache.hc.client5.http.impl.classic.ProtocolExec -- ex-00000004: proxy auth state: UNCHALLENGED
20:17:58.901 [main] DEBUG com.github.dockerjava.zerodep.shaded.org.apache.hc.client5.http.impl.classic.ConnectExec -- ex-00000004: acquiring connection with route {}->unix://localhost:2375
20:17:58.901 [main] DEBUG com.github.dockerjava.zerodep.shaded.org.apache.hc.client5.http.impl.classic.InternalHttpClient -- ex-00000004: acquiring endpoint (3 MINUTES)
20:17:58.901 [main] DEBUG com.github.dockerjava.zerodep.shaded.org.apache.hc.client5.http.impl.io.PoolingHttpClientConnectionManager -- ex-00000004: endpoint lease request (3 MINUTES) [route: {}->unix://localhost:2375][total available: 1; route allocated: 1 of 2147483647; total allocated: 1 of 2147483647]
20:17:58.901 [main] DEBUG com.github.dockerjava.zerodep.shaded.org.apache.hc.client5.http.impl.io.PoolingHttpClientConnectionManager -- ex-00000004: endpoint leased [route: {}->unix://localhost:2375][total available: 0; route allocated: 1 of 2147483647; total allocated: 1 of 2147483647]
20:17:58.901 [main] DEBUG com.github.dockerjava.zerodep.shaded.org.apache.hc.client5.http.impl.io.PoolingHttpClientConnectionManager -- ex-00000004: acquired ep-00000003
20:17:58.901 [main] DEBUG com.github.dockerjava.zerodep.shaded.org.apache.hc.client5.http.impl.classic.InternalHttpClient -- ex-00000004: acquired endpoint ep-00000003
20:17:58.901 [main] DEBUG com.github.dockerjava.zerodep.shaded.org.apache.hc.client5.http.impl.classic.MainClientExec -- ex-00000004: executing POST /v1.32/containers/create?name=testcontainers-ryuk-0d9caffc-157c-4ea0-a33e-34b8aca8ffb6 HTTP/1.1
20:17:58.901 [main] DEBUG com.github.dockerjava.zerodep.shaded.org.apache.hc.client5.http.impl.classic.InternalHttpClient -- ep-00000003: start execution ex-00000004
20:17:58.901 [main] DEBUG com.github.dockerjava.zerodep.shaded.org.apache.hc.client5.http.impl.io.PoolingHttpClientConnectionManager -- ep-00000003: executing exchange ex-00000004 over http-outgoing-0
20:17:58.901 [main] DEBUG com.github.dockerjava.zerodep.shaded.org.apache.hc.client5.http.headers -- http-outgoing-0 >> POST /v1.32/containers/create?name=testcontainers-ryuk-0d9caffc-157c-4ea0-a33e-34b8aca8ffb6 HTTP/1.1
20:17:58.901 [main] DEBUG com.github.dockerjava.zerodep.shaded.org.apache.hc.client5.http.headers -- http-outgoing-0 >> accept: application/json
20:17:58.901 [main] DEBUG com.github.dockerjava.zerodep.shaded.org.apache.hc.client5.http.headers -- http-outgoing-0 >> content-type: application/json
20:17:58.901 [main] DEBUG com.github.dockerjava.zerodep.shaded.org.apache.hc.client5.http.headers -- http-outgoing-0 >> x-tc-sid: 0d9caffc-157c-4ea0-a33e-34b8aca8ffb6
20:17:58.901 [main] DEBUG com.github.dockerjava.zerodep.shaded.org.apache.hc.client5.http.headers -- http-outgoing-0 >> User-Agent: tc-java/1.19.3
20:17:58.901 [main] DEBUG com.github.dockerjava.zerodep.shaded.org.apache.hc.client5.http.headers -- http-outgoing-0 >> Accept-Encoding: gzip, x-gzip, deflate
20:17:58.901 [main] DEBUG com.github.dockerjava.zerodep.shaded.org.apache.hc.client5.http.headers -- http-outgoing-0 >> Content-Length: 1954
20:17:58.901 [main] DEBUG com.github.dockerjava.zerodep.shaded.org.apache.hc.client5.http.headers -- http-outgoing-0 >> Host: localhost:2375
20:17:58.901 [main] DEBUG com.github.dockerjava.zerodep.shaded.org.apache.hc.client5.http.headers -- http-outgoing-0 >> Connection: keep-alive
20:17:58.901 [main] DEBUG com.github.dockerjava.zerodep.shaded.org.apache.hc.client5.http.wire -- http-outgoing-0 >> "POST /v1.32/containers/create?name=testcontainers-ryuk-0d9caffc-157c-4ea0-a33e-34b8aca8ffb6 HTTP/1.1[\r][\n]"
20:17:58.901 [main] DEBUG com.github.dockerjava.zerodep.shaded.org.apache.hc.client5.http.wire -- http-outgoing-0 >> "accept: application/json[\r][\n]"
20:17:58.901 [main] DEBUG com.github.dockerjava.zerodep.shaded.org.apache.hc.client5.http.wire -- http-outgoing-0 >> "content-type: application/json[\r][\n]"
20:17:58.901 [main] DEBUG com.github.dockerjava.zerodep.shaded.org.apache.hc.client5.http.wire -- http-outgoing-0 >> "x-tc-sid: 0d9caffc-157c-4ea0-a33e-34b8aca8ffb6[\r][\n]"
20:17:58.901 [main] DEBUG com.github.dockerjava.zerodep.shaded.org.apache.hc.client5.http.wire -- http-outgoing-0 >> "User-Agent: tc-java/1.19.3[\r][\n]"
20:17:58.901 [main] DEBUG com.github.dockerjava.zerodep.shaded.org.apache.hc.client5.http.wire -- http-outgoing-0 >> "Accept-Encoding: gzip, x-gzip, deflate[\r][\n]"
20:17:58.901 [main] DEBUG com.github.dockerjava.zerodep.shaded.org.apache.hc.client5.http.wire -- http-outgoing-0 >> "Content-Length: 1954[\r][\n]"
20:17:58.901 [main] DEBUG com.github.dockerjava.zerodep.shaded.org.apache.hc.client5.http.wire -- http-outgoing-0 >> "Host: localhost:2375[\r][\n]"
20:17:58.901 [main] DEBUG com.github.dockerjava.zerodep.shaded.org.apache.hc.client5.http.wire -- http-outgoing-0 >> "Connection: keep-alive[\r][\n]"
20:17:58.901 [main] DEBUG com.github.dockerjava.zerodep.shaded.org.apache.hc.client5.http.wire -- http-outgoing-0 >> "[\r][\n]"
20:17:58.901 [main] DEBUG com.github.dockerjava.zerodep.shaded.org.apache.hc.client5.http.wire -- http-outgoing-0 >> "{"Hostname":null,"Domainname":null,"User":null,"AttachStdin":null,"AttachStdout":null,"AttachStderr":null,"PortSpecs":null,"Tty":null,"OpenStdin":null,"StdinOnce":null,"Env":[],"Cmd":[],"Healthcheck":null,"ArgsEscaped":null,"Entrypoint":null,"Image":"testcontainers/ryuk:0.5.1","Volumes":{},"WorkingDir":null,"MacAddress":null,"OnBuild":null,"NetworkDisabled":null,"ExposedPorts":{"8080/tcp":{}},"StopSignal":null,"StopTimeout":null,"HostConfig":{"Binds":["/var/run/docker.sock:/var/run/docker.sock:rw"],"BlkioWeight":null,"BlkioWeightDevice":null,"BlkioDeviceReadBps":null,"BlkioDeviceWriteBps":null,"BlkioDeviceReadIOps":null,"BlkioDeviceWriteIOps":null,"MemorySwappiness":null,"NanoCpus":null,"CapAdd":null,"CapDrop":null,"ContainerIDFile":null,"CpuPeriod":null,"CpuRealtimePeriod":null,"CpuRealtimeRuntime":null,"CpuShares":null,"CpuQuota":null,"CpusetCpus":null,"CpusetMems":null,"Devices":null,"DeviceCgroupRules":null,"DeviceRequests":null,"DiskQuota":null,"Dns":null,"DnsOptions":null,"DnsSearch":null,"ExtraHosts":[],"GroupAdd":null,"IpcMode":null,"Cgroup":null,"Links":[],"LogConfig":null,"LxcConf":null,"Memory":null,"MemorySwap":null,"MemoryReservation":null,"KernelMemory":null,"NetworkMode":null,"OomKillDisable":null,"Init":null,"AutoRemove":true,"OomScoreAdj":null,"PortBindings":{"8080/tcp":[{"HostIp":"","HostPort":""}]},"Privileged":true,"PublishAllPorts":null,"ReadonlyRootfs":null,"RestartPolicy":null,"Ulimits":null,"CpuCount":null,"CpuPercent":null,"IOMaximumIOps":null,"IOMaximumBandwidth":null,"VolumesFrom":[],"Mounts":null,"PidMode":null,"Isolation":null,"SecurityOpt":null,"StorageOpt":null,"CgroupParent":null,"VolumeDriver":null,"ShmSize":null,"PidsLimit":null,"Runtime":null,"Tmpfs":null,"UTSMode":null,"UsernsMode":null,"Sysctls":null,"ConsoleSize":null,"CgroupnsMode":null},"Labels":{"org.testcontainers":"true","org.testcontainers.lang":"java","org.testcontainers.version":"1.19.3"},"Shell":null,"NetworkingConfig":null}"
20:17:58.940 [main] DEBUG com.github.dockerjava.zerodep.shaded.org.apache.hc.client5.http.wire -- http-outgoing-0 << "HTTP/1.1 201 Created[\r][\n]"
20:17:58.941 [main] DEBUG com.github.dockerjava.zerodep.shaded.org.apache.hc.client5.http.wire -- http-outgoing-0 << "Api-Version: 1.42[\r][\n]"
20:17:58.941 [main] DEBUG com.github.dockerjava.zerodep.shaded.org.apache.hc.client5.http.wire -- http-outgoing-0 << "Content-Type: application/json[\r][\n]"
20:17:58.941 [main] DEBUG com.github.dockerjava.zerodep.shaded.org.apache.hc.client5.http.wire -- http-outgoing-0 << "Date: Sat, 18 May 2024 19:17:58 GMT[\r][\n]"
20:17:58.941 [main] DEBUG com.github.dockerjava.zerodep.shaded.org.apache.hc.client5.http.wire -- http-outgoing-0 << "Docker-Experimental: false[\r][\n]"
20:17:58.941 [main] DEBUG com.github.dockerjava.zerodep.shaded.org.apache.hc.client5.http.wire -- http-outgoing-0 << "Ostype: linux[\r][\n]"
20:17:58.941 [main] DEBUG com.github.dockerjava.zerodep.shaded.org.apache.hc.client5.http.wire -- http-outgoing-0 << "Server: Docker/23.0.5 (linux)[\r][\n]"
20:17:58.941 [main] DEBUG com.github.dockerjava.zerodep.shaded.org.apache.hc.client5.http.wire -- http-outgoing-0 << "Transfer-Encoding: chunked[\r][\n]"
20:17:58.941 [main] DEBUG com.github.dockerjava.zerodep.shaded.org.apache.hc.client5.http.wire -- http-outgoing-0 << "[\r][\n]"
20:17:58.941 [main] DEBUG com.github.dockerjava.zerodep.shaded.org.apache.hc.client5.http.headers -- http-outgoing-0 << HTTP/1.1 201 Created
20:17:58.942 [main] DEBUG com.github.dockerjava.zerodep.shaded.org.apache.hc.client5.http.headers -- http-outgoing-0 << Api-Version: 1.42
20:17:58.942 [main] DEBUG com.github.dockerjava.zerodep.shaded.org.apache.hc.client5.http.headers -- http-outgoing-0 << Content-Type: application/json
20:17:58.942 [main] DEBUG com.github.dockerjava.zerodep.shaded.org.apache.hc.client5.http.headers -- http-outgoing-0 << Date: Sat, 18 May 2024 19:17:58 GMT
20:17:58.942 [main] DEBUG com.github.dockerjava.zerodep.shaded.org.apache.hc.client5.http.headers -- http-outgoing-0 << Docker-Experimental: false
20:17:58.942 [main] DEBUG com.github.dockerjava.zerodep.shaded.org.apache.hc.client5.http.headers -- http-outgoing-0 << Ostype: linux
20:17:58.942 [main] DEBUG com.github.dockerjava.zerodep.shaded.org.apache.hc.client5.http.headers -- http-outgoing-0 << Server: Docker/23.0.5 (linux)
20:17:58.942 [main] DEBUG com.github.dockerjava.zerodep.shaded.org.apache.hc.client5.http.headers -- http-outgoing-0 << Transfer-Encoding: chunked
20:17:58.942 [main] DEBUG com.github.dockerjava.zerodep.shaded.org.apache.hc.client5.http.impl.classic.MainClientExec -- ex-00000004: connection can be kept alive for 3 MINUTES
20:17:58.942 [main] DEBUG com.github.dockerjava.zerodep.shaded.org.apache.hc.client5.http.wire -- http-outgoing-0 << "58[\r][\n]"
20:17:58.942 [main] DEBUG com.github.dockerjava.zerodep.shaded.org.apache.hc.client5.http.wire -- http-outgoing-0 << "{"Id":"79cc81616533240b4042502538334805e4219fdba8d9819bdf2dc090821a7ba9","Warnings":[]}[\n]"
20:17:58.942 [main] DEBUG com.github.dockerjava.zerodep.shaded.org.apache.hc.client5.http.wire -- http-outgoing-0 << "[\r][\n]"
20:17:58.942 [main] DEBUG com.github.dockerjava.zerodep.shaded.org.apache.hc.client5.http.wire -- http-outgoing-0 << "0[\r][\n]"
20:17:58.942 [main] DEBUG com.github.dockerjava.zerodep.shaded.org.apache.hc.client5.http.wire -- http-outgoing-0 << "[\r][\n]"
20:17:58.943 [main] DEBUG com.github.dockerjava.zerodep.shaded.org.apache.hc.client5.http.impl.classic.InternalHttpClient -- ep-00000003: releasing valid endpoint
20:17:58.943 [main] DEBUG com.github.dockerjava.zerodep.shaded.org.apache.hc.client5.http.impl.io.PoolingHttpClientConnectionManager -- ep-00000003: releasing endpoint
20:17:58.943 [main] DEBUG com.github.dockerjava.zerodep.shaded.org.apache.hc.client5.http.impl.io.PoolingHttpClientConnectionManager -- ep-00000003: connection http-outgoing-0 can be kept alive for 3 MINUTES
20:17:58.943 [main] DEBUG com.github.dockerjava.zerodep.shaded.org.apache.hc.client5.http.impl.io.PoolingHttpClientConnectionManager -- ep-00000003: connection released [route: {}->unix://localhost:2375][total available: 1; route allocated: 1 of 2147483647; total allocated: 1 of 2147483647]
20:17:58.944 [main] INFO tc.testcontainers/ryuk:0.5.1 -- Container testcontainers/ryuk:0.5.1 is starting: 79cc81616533240b4042502538334805e4219fdba8d9819bdf2dc090821a7ba9
20:17:58.944 [main] DEBUG org.testcontainers.shaded.com.github.dockerjava.core.command.AbstrDockerCmd -- Cmd: 79cc81616533240b4042502538334805e4219fdba8d9819bdf2dc090821a7ba9
20:17:58.945 [main] DEBUG com.github.dockerjava.zerodep.shaded.org.apache.hc.client5.http.impl.classic.InternalHttpClient -- ex-00000005: preparing request execution
20:17:58.945 [main] DEBUG com.github.dockerjava.zerodep.shaded.org.apache.hc.client5.http.protocol.RequestAddCookies -- Cookie spec selected: strict
20:17:58.945 [main] DEBUG com.github.dockerjava.zerodep.shaded.org.apache.hc.client5.http.protocol.RequestAuthCache -- Auth cache not set in the context
20:17:58.945 [main] DEBUG com.github.dockerjava.zerodep.shaded.org.apache.hc.client5.http.impl.classic.ProtocolExec -- ex-00000005: target auth state: UNCHALLENGED
20:17:58.945 [main] DEBUG com.github.dockerjava.zerodep.shaded.org.apache.hc.client5.http.impl.classic.ProtocolExec -- ex-00000005: proxy auth state: UNCHALLENGED
20:17:58.945 [main] DEBUG com.github.dockerjava.zerodep.shaded.org.apache.hc.client5.http.impl.classic.ConnectExec -- ex-00000005: acquiring connection with route {}->unix://localhost:2375
20:17:58.945 [main] DEBUG com.github.dockerjava.zerodep.shaded.org.apache.hc.client5.http.impl.classic.InternalHttpClient -- ex-00000005: acquiring endpoint (3 MINUTES)
20:17:58.945 [main] DEBUG com.github.dockerjava.zerodep.shaded.org.apache.hc.client5.http.impl.io.PoolingHttpClientConnectionManager -- ex-00000005: endpoint lease request (3 MINUTES) [route: {}->unix://localhost:2375][total available: 1; route allocated: 1 of 2147483647; total allocated: 1 of 2147483647]
20:17:58.945 [main] DEBUG com.github.dockerjava.zerodep.shaded.org.apache.hc.client5.http.impl.io.PoolingHttpClientConnectionManager -- ex-00000005: endpoint leased [route: {}->unix://localhost:2375][total available: 0; route allocated: 1 of 2147483647; total allocated: 1 of 2147483647]
20:17:58.945 [main] DEBUG com.github.dockerjava.zerodep.shaded.org.apache.hc.client5.http.impl.io.PoolingHttpClientConnectionManager -- ex-00000005: acquired ep-00000004
20:17:58.945 [main] DEBUG com.github.dockerjava.zerodep.shaded.org.apache.hc.client5.http.impl.classic.InternalHttpClient -- ex-00000005: acquired endpoint ep-00000004
20:17:58.945 [main] DEBUG com.github.dockerjava.zerodep.shaded.org.apache.hc.client5.http.impl.classic.MainClientExec -- ex-00000005: executing POST /v1.32/containers/79cc81616533240b4042502538334805e4219fdba8d9819bdf2dc090821a7ba9/start HTTP/1.1
20:17:58.945 [main] DEBUG com.github.dockerjava.zerodep.shaded.org.apache.hc.client5.http.impl.classic.InternalHttpClient -- ep-00000004: start execution ex-00000005
20:17:58.945 [main] DEBUG com.github.dockerjava.zerodep.shaded.org.apache.hc.client5.http.impl.io.PoolingHttpClientConnectionManager -- ep-00000004: executing exchange ex-00000005 over http-outgoing-0
20:17:58.945 [main] DEBUG com.github.dockerjava.zerodep.shaded.org.apache.hc.client5.http.headers -- http-outgoing-0 >> POST /v1.32/containers/79cc81616533240b4042502538334805e4219fdba8d9819bdf2dc090821a7ba9/start HTTP/1.1
20:17:58.945 [main] DEBUG com.github.dockerjava.zerodep.shaded.org.apache.hc.client5.http.headers -- http-outgoing-0 >> accept: application/json
20:17:58.945 [main] DEBUG com.github.dockerjava.zerodep.shaded.org.apache.hc.client5.http.headers -- http-outgoing-0 >> content-type: application/json
20:17:58.945 [main] DEBUG com.github.dockerjava.zerodep.shaded.org.apache.hc.client5.http.headers -- http-outgoing-0 >> x-tc-sid: 0d9caffc-157c-4ea0-a33e-34b8aca8ffb6
20:17:58.945 [main] DEBUG com.github.dockerjava.zerodep.shaded.org.apache.hc.client5.http.headers -- http-outgoing-0 >> User-Agent: tc-java/1.19.3
20:17:58.945 [main] DEBUG com.github.dockerjava.zerodep.shaded.org.apache.hc.client5.http.headers -- http-outgoing-0 >> Accept-Encoding: gzip, x-gzip, deflate
20:17:58.946 [main] DEBUG com.github.dockerjava.zerodep.shaded.org.apache.hc.client5.http.headers -- http-outgoing-0 >> Host: localhost:2375
20:17:58.946 [main] DEBUG com.github.dockerjava.zerodep.shaded.org.apache.hc.client5.http.headers -- http-outgoing-0 >> Connection: keep-alive
20:17:58.946 [main] DEBUG com.github.dockerjava.zerodep.shaded.org.apache.hc.client5.http.wire -- http-outgoing-0 >> "POST /v1.32/containers/79cc81616533240b4042502538334805e4219fdba8d9819bdf2dc090821a7ba9/start HTTP/1.1[\r][\n]"
[...]
20:17:59.979 [main] DEBUG org.testcontainers.containers.output.WaitingConsumer -- STDOUT: waiting for server to start....2024-05-18 19:17:59.979 UTC [36] LOG:  starting PostgreSQL 15.7 on aarch64-unknown-linux-musl, compiled by gcc (Alpine 13.2.1_git20231014) 13.2.1 20231014, 64-bit
20:17:59.979 [main] DEBUG org.testcontainers.containers.output.WaitingConsumer -- STDOUT: 2024-05-18 19:17:59.979 UTC [36] LOG:  listening on Unix socket "/var/run/postgresql/.s.PGSQL.5432"
20:17:59.980 [docker-java-stream--648070588] DEBUG com.github.dockerjava.zerodep.shaded.org.apache.hc.client5.http.wire -- http-outgoing-1 << "68[\r][\n]"
20:17:59.981 [docker-java-stream--648070588] DEBUG com.github.dockerjava.zerodep.shaded.org.apache.hc.client5.http.wire -- http-outgoing-1 << "[0x1][0x0][0x0][0x0][0x0][0x0][0x0]`2024-05-18 19:17:59.980 UTC [39] LOG:  database system was shut down at 2024-05-18 19:17:59 UTC[\n]"
20:17:59.981 [docker-java-stream--648070588] DEBUG com.github.dockerjava.zerodep.shaded.org.apache.hc.client5.http.wire -- http-outgoing-1 << "[\r][\n]"
20:17:59.983 [docker-java-stream--648070588] DEBUG com.github.dockerjava.zerodep.shaded.org.apache.hc.client5.http.wire -- http-outgoing-1 << "5e[\r][\n]"
20:17:59.983 [docker-java-stream--648070588] DEBUG com.github.dockerjava.zerodep.shaded.org.apache.hc.client5.http.wire -- http-outgoing-1 << "[0x1][0x0][0x0][0x0][0x0][0x0][0x0]V2024-05-18 19:17:59.983 UTC [36] LOG:  database system is ready to accept connections[\n]"
20:17:59.983 [docker-java-stream--648070588] DEBUG com.github.dockerjava.zerodep.shaded.org.apache.hc.client5.http.wire -- http-outgoing-1 << "[\r][\n]"
20:17:59.991 [main] DEBUG org.testcontainers.containers.output.WaitingConsumer -- STDOUT: 2024-05-18 19:17:59.983 UTC [36] LOG:  database system is ready to accept connections
20:17:59.991 [main] DEBUG org.testcontainers.containers.output.WaitingConsumer -- STDOUT: 2024-05-18 19:17:59.980 UTC [39] LOG:  database system was shut down at 2024-05-18 19:17:59 UTC
20:18:00.071 [docker-java-stream--648070588] DEBUG com.github.dockerjava.zerodep.shaded.org.apache.hc.client5.http.wire -- http-outgoing-1 << "25[\r][\n]"
20:18:00.071 [docker-java-stream--648070588] DEBUG com.github.dockerjava.zerodep.shaded.org.apache.hc.client5.http.wire -- http-outgoing-1 << "[0x1][0x0][0x0][0x0][0x0][0x0][0x0][0x6] done[\n]"
20:18:00.072 [docker-java-stream--648070588] DEBUG com.github.dockerjava.zerodep.shaded.org.apache.hc.client5.http.wire -- http-outgoing-1 << "[0x1][0x0][0x0][0x0][0x0][0x0][0x0][0xf]server started[\n]"
20:18:00.072 [docker-java-stream--648070588] DEBUG com.github.dockerjava.zerodep.shaded.org.apache.hc.client5.http.wire -- http-outgoing-1 << "[\r][\n]"
20:18:00.072 [main] DEBUG org.testcontainers.containers.output.WaitingConsumer -- STDOUT: server started
20:18:00.072 [main] DEBUG org.testcontainers.containers.output.WaitingConsumer -- STDOUT:  done
20:18:00.111 [docker-java-stream--648070588] DEBUG com.github.dockerjava.zerodep.shaded.org.apache.hc.client5.http.wire -- http-outgoing-1 << "18[\r][\n]"
20:18:00.111 [docker-java-stream--648070588] DEBUG com.github.dockerjava.zerodep.shaded.org.apache.hc.client5.http.wire -- http-outgoing-1 << "[0x1][0x0][0x0][0x0][0x0][0x0][0x0][0x10]CREATE DATABASE[\n]"
20:18:00.111 [docker-java-stream--648070588] DEBUG com.github.dockerjava.zerodep.shaded.org.apache.hc.client5.http.wire -- http-outgoing-1 << "[\r][\n]"
20:18:00.111 [main] DEBUG org.testcontainers.containers.output.WaitingConsumer -- STDOUT: CREATE DATABASE
20:18:00.111 [docker-java-stream--648070588] DEBUG com.github.dockerjava.zerodep.shaded.org.apache.hc.client5.http.wire -- http-outgoing-1 << "6f[\r][\n]"
20:18:00.111 [docker-java-stream--648070588] DEBUG com.github.dockerjava.zerodep.shaded.org.apache.hc.client5.http.wire -- http-outgoing-1 << "[0x1][0x0][0x0][0x0][0x0][0x0][0x0][0x1][\n]"
20:18:00.111 [docker-java-stream--648070588] DEBUG com.github.dockerjava.zerodep.shaded.org.apache.hc.client5.http.wire -- http-outgoing-1 << "[0x1][0x0][0x0][0x0][0x0][0x0][0x0][0x1][\n]"
20:18:00.111 [docker-java-stream--648070588] DEBUG com.github.dockerjava.zerodep.shaded.org.apache.hc.client5.http.wire -- http-outgoing-1 << "[0x1][0x0][0x0][0x0][0x0][0x0][0x0]L/usr/local/bin/docker-entrypoint.sh: ignoring /docker-entrypoint-initdb.d/*[\n]"
20:18:00.111 [docker-java-stream--648070588] DEBUG com.github.dockerjava.zerodep.shaded.org.apache.hc.client5.http.wire -- http-outgoing-1 << "[0x1][0x0][0x0][0x0][0x0][0x0][0x0][0x1][\n]"
20:18:00.111 [docker-java-stream--648070588] DEBUG com.github.dockerjava.zerodep.shaded.org.apache.hc.client5.http.wire -- http-outgoing-1 << "[\r][\n]"
20:18:00.112 [docker-java-stream--648070588] DEBUG com.github.dockerjava.zerodep.shaded.org.apache.hc.client5.http.wire -- http-outgoing-1 << "c1[\r][\n]"
20:18:00.112 [docker-java-stream--648070588] DEBUG com.github.dockerjava.zerodep.shaded.org.apache.hc.client5.http.wire -- http-outgoing-1 << "[0x1][0x0][0x0][0x0][0x0][0x0][0x0]iwaiting for server to shut down....2024-05-18 19:18:00.111 UTC [36] LOG:  received fast shutdown request[\n]"
20:18:00.112 [docker-java-stream--648070588] DEBUG com.github.dockerjava.zerodep.shaded.org.apache.hc.client5.http.wire -- http-outgoing-1 << "[0x1][0x0][0x0][0x0][0x0][0x0][0x0]H2024-05-18 19:18:00.111 UTC [36] LOG:  aborting any active transactions[\n]"
20:18:00.112 [docker-java-stream--648070588] DEBUG com.github.dockerjava.zerodep.shaded.org.apache.hc.client5.http.wire -- http-outgoing-1 << "[\r][\n]"
20:18:00.114 [docker-java-stream--648070588] DEBUG com.github.dockerjava.zerodep.shaded.org.apache.hc.client5.http.wire -- http-outgoing-1 << "81[\r][\n]"
20:18:00.114 [docker-java-stream--648070588] DEBUG com.github.dockerjava.zerodep.shaded.org.apache.hc.client5.http.wire -- http-outgoing-1 << "[0x1][0x0][0x0][0x0][0x0][0x0][0x0]y2024-05-18 19:18:00.113 UTC [36] LOG:  background worker "logical replication launcher" (PID 42) exited with exit code 1[\n]"
20:18:00.114 [docker-java-stream--648070588] DEBUG com.github.dockerjava.zerodep.shaded.org.apache.hc.client5.http.wire -- http-outgoing-1 << "[\r][\n]"
20:18:00.115 [docker-java-stream--648070588] DEBUG com.github.dockerjava.zerodep.shaded.org.apache.hc.client5.http.wire -- http-outgoing-1 << "94[\r][\n]"
20:18:00.116 [docker-java-stream--648070588] DEBUG com.github.dockerjava.zerodep.shaded.org.apache.hc.client5.http.wire -- http-outgoing-1 << "[0x1][0x0][0x0][0x0][0x0][0x0][0x0]52024-05-18 19:18:00.115 UTC [37] LOG:  shutting down[\n]"
20:18:00.116 [docker-java-stream--648070588] DEBUG com.github.dockerjava.zerodep.shaded.org.apache.hc.client5.http.wire -- http-outgoing-1 << "[0x1][0x0][0x0][0x0][0x0][0x0][0x0]O2024-05-18 19:18:00.115 UTC [37] LOG:  checkpoint starting: shutdown immediate[\n]"
20:18:00.116 [docker-java-stream--648070588] DEBUG com.github.dockerjava.zerodep.shaded.org.apache.hc.client5.http.wire -- http-outgoing-1 << "[\r][\n]"
20:18:00.122 [main] DEBUG org.testcontainers.containers.output.WaitingConsumer -- STDOUT: 2024-05-18 19:18:00.115 UTC [37] LOG:  checkpoint starting: shutdown immediate
20:18:00.122 [main] DEBUG org.testcontainers.containers.output.WaitingConsumer -- STDOUT: 2024-05-18 19:18:00.115 UTC [37] LOG:  shutting down
20:18:00.122 [main] DEBUG org.testcontainers.containers.output.WaitingConsumer -- STDOUT: 2024-05-18 19:18:00.113 UTC [36] LOG:  background worker "logical replication launcher" (PID 42) exited with exit code 1
20:18:00.122 [main] DEBUG org.testcontainers.containers.output.WaitingConsumer -- STDOUT: 2024-05-18 19:18:00.111 UTC [36] LOG:  aborting any active transactions
20:18:00.122 [main] DEBUG org.testcontainers.containers.output.WaitingConsumer -- STDOUT: waiting for server to shut down....2024-05-18 19:18:00.111 UTC [36] LOG:  received fast shutdown request
20:18:00.122 [main] DEBUG org.testcontainers.containers.output.WaitingConsumer -- STDOUT: 
20:18:00.122 [main] DEBUG org.testcontainers.containers.output.WaitingConsumer -- STDOUT: /usr/local/bin/docker-entrypoint.sh: ignoring /docker-entrypoint-initdb.d/*
20:18:00.123 [main] DEBUG org.testcontainers.containers.output.WaitingConsumer -- STDOUT: 
20:18:00.123 [main] DEBUG org.testcontainers.containers.output.WaitingConsumer -- STDOUT: 
20:18:00.124 [docker-java-stream--648070588] DEBUG com.github.dockerjava.zerodep.shaded.org.apache.hc.client5.http.wire -- http-outgoing-1 << "109[\r][\n]"
20:18:00.124 [docker-java-stream--648070588] DEBUG com.github.dockerjava.zerodep.shaded.org.apache.hc.client5.http.wire -- http-outgoing-1 << "[0x1][0x0][0x0][0x0][0x0][0x0][0x1][0x1]2024-05-18 19:18:00.124 UTC [37] LOG:  checkpoint complete: wrote 920 buffers (5.6%); 0 WAL file(s) added, 0 removed, 0 recycled; write=0.009 s, sync=0.001 s, total=0.009 s; sync files=0, longest=0.000 s, average=0.000 s; distance=4233 kB, estimate=4233 kB[\n]"
20:18:00.124 [docker-java-stream--648070588] DEBUG com.github.dockerjava.zerodep.shaded.org.apache.hc.client5.http.wire -- http-outgoing-1 << "[\r][\n]"
20:18:00.131 [docker-java-stream--648070588] DEBUG com.github.dockerjava.zerodep.shaded.org.apache.hc.client5.http.wire -- http-outgoing-1 << "4c[\r][\n]"
20:18:00.131 [docker-java-stream--648070588] DEBUG com.github.dockerjava.zerodep.shaded.org.apache.hc.client5.http.wire -- http-outgoing-1 << "[0x1][0x0][0x0][0x0][0x0][0x0][0x0]D2024-05-18 19:18:00.131 UTC [36] LOG:  database system is shut down[\n]"
20:18:00.131 [docker-java-stream--648070588] DEBUG com.github.dockerjava.zerodep.shaded.org.apache.hc.client5.http.wire -- http-outgoing-1 << "[\r][\n]"
20:18:00.134 [main] DEBUG org.testcontainers.containers.output.WaitingConsumer -- STDOUT: 2024-05-18 19:18:00.131 UTC [36] LOG:  database system is shut down
20:18:00.134 [main] DEBUG org.testcontainers.containers.output.WaitingConsumer -- STDOUT: 2024-05-18 19:18:00.124 UTC [37] LOG:  checkpoint complete: wrote 920 buffers (5.6%); 0 WAL file(s) added, 0 removed, 0 recycled; write=0.009 s, sync=0.001 s, total=0.009 s; sync files=0, longest=0.000 s, average=0.000 s; distance=4233 kB, estimate=4233 kB
20:18:00.217 [docker-java-stream--648070588] DEBUG com.github.dockerjava.zerodep.shaded.org.apache.hc.client5.http.wire -- http-outgoing-1 << "25[\r][\n]"
20:18:00.217 [docker-java-stream--648070588] DEBUG com.github.dockerjava.zerodep.shaded.org.apache.hc.client5.http.wire -- http-outgoing-1 << "[0x1][0x0][0x0][0x0][0x0][0x0][0x0][0x6] done[\n]"
20:18:00.217 [docker-java-stream--648070588] DEBUG com.github.dockerjava.zerodep.shaded.org.apache.hc.client5.http.wire -- http-outgoing-1 << "[0x1][0x0][0x0][0x0][0x0][0x0][0x0][0xf]server stopped[\n]"
20:18:00.217 [docker-java-stream--648070588] DEBUG com.github.dockerjava.zerodep.shaded.org.apache.hc.client5.http.wire -- http-outgoing-1 << "[\r][\n]"
20:18:00.217 [main] DEBUG org.testcontainers.containers.output.WaitingConsumer -- STDOUT:  done
20:18:00.218 [main] DEBUG org.testcontainers.containers.output.WaitingConsumer -- STDOUT: server stopped
20:18:00.218 [docker-java-stream--648070588] DEBUG com.github.dockerjava.zerodep.shaded.org.apache.hc.client5.http.wire -- http-outgoing-1 << "50[\r][\n]"
20:18:00.218 [docker-java-stream--648070588] DEBUG com.github.dockerjava.zerodep.shaded.org.apache.hc.client5.http.wire -- http-outgoing-1 << "[0x1][0x0][0x0][0x0][0x0][0x0][0x0][0x1][\n]"
20:18:00.218 [docker-java-stream--648070588] DEBUG com.github.dockerjava.zerodep.shaded.org.apache.hc.client5.http.wire -- http-outgoing-1 << "[0x1][0x0][0x0][0x0][0x0][0x0][0x0]6PostgreSQL init process complete; ready for start up.[\n]"
20:18:00.218 [docker-java-stream--648070588] DEBUG com.github.dockerjava.zerodep.shaded.org.apache.hc.client5.http.wire -- http-outgoing-1 << "[0x1][0x0][0x0][0x0][0x0][0x0][0x0][0x1][\n]"
20:18:00.218 [docker-java-stream--648070588] DEBUG com.github.dockerjava.zerodep.shaded.org.apache.hc.client5.http.wire -- http-outgoing-1 << "[\r][\n]"
20:18:00.231 [main] DEBUG org.testcontainers.containers.output.WaitingConsumer -- STDOUT: 
20:18:00.231 [main] DEBUG org.testcontainers.containers.output.WaitingConsumer -- STDOUT: PostgreSQL init process complete; ready for start up.
20:18:00.231 [main] DEBUG org.testcontainers.containers.output.WaitingConsumer -- STDOUT: 
20:18:00.235 [docker-java-stream--648070588] DEBUG com.github.dockerjava.zerodep.shaded.org.apache.hc.client5.http.wire -- http-outgoing-1 << "aa[\r][\n]"
20:18:00.235 [docker-java-stream--648070588] DEBUG com.github.dockerjava.zerodep.shaded.org.apache.hc.client5.http.wire -- http-outgoing-1 << "[0x2][0x0][0x0][0x0][0x0][0x0][0x0][0xffffffa2]2024-05-18 19:18:00.235 UTC [1] LOG:  starting PostgreSQL 15.7 on aarch64-unknown-linux-musl, compiled by gcc (Alpine 13.2.1_git20231014) 13.2.1 20231014, 64-bit[\n]"
20:18:00.235 [docker-java-stream--648070588] DEBUG com.github.dockerjava.zerodep.shaded.org.apache.hc.client5.http.wire -- http-outgoing-1 << "[\r][\n]"
20:18:00.235 [docker-java-stream--648070588] DEBUG com.github.dockerjava.zerodep.shaded.org.apache.hc.client5.http.wire -- http-outgoing-1 << "b5[\r][\n]"
20:18:00.235 [docker-java-stream--648070588] DEBUG com.github.dockerjava.zerodep.shaded.org.apache.hc.client5.http.wire -- http-outgoing-1 << "[0x2][0x0][0x0][0x0][0x0][0x0][0x0]U2024-05-18 19:18:00.235 UTC [1] LOG:  listening on IPv4 address "0.0.0.0", port 5432[\n]"
20:18:00.235 [docker-java-stream--648070588] DEBUG com.github.dockerjava.zerodep.shaded.org.apache.hc.client5.http.wire -- http-outgoing-1 << "[0x2][0x0][0x0][0x0][0x0][0x0][0x0]P2024-05-18 19:18:00.235 UTC [1] LOG:  listening on IPv6 address "::", port 5432[\n]"
20:18:00.235 [docker-java-stream--648070588] DEBUG com.github.dockerjava.zerodep.shaded.org.apache.hc.client5.http.wire -- http-outgoing-1 << "[\r][\n]"
20:18:00.235 [docker-java-stream--648070588] DEBUG com.github.dockerjava.zerodep.shaded.org.apache.hc.client5.http.wire -- http-outgoing-1 << "6b[\r][\n]"
20:18:00.235 [docker-java-stream--648070588] DEBUG com.github.dockerjava.zerodep.shaded.org.apache.hc.client5.http.wire -- http-outgoing-1 << "[0x2][0x0][0x0][0x0][0x0][0x0][0x0]c2024-05-18 19:18:00.235 UTC [1] LOG:  listening on Unix socket "/var/run/postgresql/.s.PGSQL.5432"[\n]"
20:18:00.235 [docker-java-stream--648070588] DEBUG com.github.dockerjava.zerodep.shaded.org.apache.hc.client5.http.wire -- http-outgoing-1 << "[\r][\n]"
20:18:00.237 [docker-java-stream--648070588] DEBUG com.github.dockerjava.zerodep.shaded.org.apache.hc.client5.http.wire -- http-outgoing-1 << "68[\r][\n]"
20:18:00.237 [docker-java-stream--648070588] DEBUG com.github.dockerjava.zerodep.shaded.org.apache.hc.client5.http.wire -- http-outgoing-1 << "[0x2][0x0][0x0][0x0][0x0][0x0][0x0]`2024-05-18 19:18:00.237 UTC [52] LOG:  database system was shut down at 2024-05-18 19:18:00 UTC[\n]"
20:18:00.237 [docker-java-stream--648070588] DEBUG com.github.dockerjava.zerodep.shaded.org.apache.hc.client5.http.wire -- http-outgoing-1 << "[\r][\n]"
20:18:00.240 [docker-java-stream--648070588] DEBUG com.github.dockerjava.zerodep.shaded.org.apache.hc.client5.http.wire -- http-outgoing-1 << "5d[\r][\n]"
20:18:00.240 [docker-java-stream--648070588] DEBUG com.github.dockerjava.zerodep.shaded.org.apache.hc.client5.http.wire -- http-outgoing-1 << "[0x2][0x0][0x0][0x0][0x0][0x0][0x0]U2024-05-18 19:18:00.240 UTC [1] LOG:  database system is ready to accept connections[\n]"
20:18:00.240 [docker-java-stream--648070588] DEBUG com.github.dockerjava.zerodep.shaded.org.apache.hc.client5.http.wire -- http-outgoing-1 << "[\r][\n]"
20:18:00.243 [main] DEBUG org.testcontainers.containers.output.WaitingConsumer -- STDERR: 2024-05-18 19:18:00.240 UTC [1] LOG:  database system is ready to accept connections
20:18:00.244 [main] DEBUG com.github.dockerjava.zerodep.shaded.org.apache.hc.client5.http.impl.classic.InternalHttpClient -- ep-0000000E: cancel
20:18:00.244 [docker-java-stream--648070588] DEBUG com.github.dockerjava.zerodep.shaded.org.apache.hc.client5.http.wire -- http-outgoing-1 << "[read] I/O error: null"
20:18:00.244 [main] DEBUG com.github.dockerjava.zerodep.shaded.org.apache.hc.client5.http.impl.io.DefaultManagedHttpClientConnection -- http-outgoing-1: close connection IMMEDIATE
20:18:00.244 [docker-java-stream--648070588] DEBUG com.github.dockerjava.zerodep.shaded.org.apache.hc.client5.http.wire -- http-outgoing-1 << "[read] I/O error: null"
20:18:00.244 [main] DEBUG com.github.dockerjava.zerodep.shaded.org.apache.hc.client5.http.impl.classic.InternalHttpClient -- ep-0000000E: endpoint closed
20:18:00.244 [main] DEBUG com.github.dockerjava.zerodep.shaded.org.apache.hc.client5.http.impl.classic.InternalHttpClient -- ep-0000000E: discarding endpoint
20:18:00.244 [main] DEBUG com.github.dockerjava.zerodep.shaded.org.apache.hc.client5.http.impl.io.PoolingHttpClientConnectionManager -- ep-0000000E: releasing endpoint
20:18:00.244 [main] DEBUG com.github.dockerjava.zerodep.shaded.org.apache.hc.client5.http.impl.io.PoolingHttpClientConnectionManager -- ep-0000000E: connection is not kept alive
20:18:00.245 [main] DEBUG com.github.dockerjava.zerodep.shaded.org.apache.hc.client5.http.impl.io.PoolingHttpClientConnectionManager -- ep-0000000E: connection released [route: {}->unix://localhost:2375][total available: 0; route allocated: 0 of 2147483647; total allocated: 0 of 2147483647]
20:18:00.245 [main] INFO tc.postgres:15-alpine -- Container postgres:15-alpine started in PT1.041787S
20:18:00.244 [docker-java-stream--648070588] DEBUG com.github.dockerjava.zerodep.ApacheDockerHttpClientImpl$ApacheResponse -- Failed to close the response
java.nio.channels.ClosedChannelException: null
	at java.base/sun.nio.ch.SocketChannelImpl.ensureOpenAndConnected(SocketChannelImpl.java:222)
	at java.base/sun.nio.ch.SocketChannelImpl.blockingRead(SocketChannelImpl.java:1306)
	at java.base/sun.nio.ch.SocketInputStream.read(SocketInputStream.java:70)
	at com.github.dockerjava.zerodep.shaded.org.apache.hc.client5.http.impl.io.LoggingInputStream.read(LoggingInputStream.java:81)
	at com.github.dockerjava.zerodep.shaded.org.apache.hc.core5.http.impl.io.SessionInputBufferImpl.fillBuffer(SessionInputBufferImpl.java:149)
	at com.github.dockerjava.zerodep.shaded.org.apache.hc.core5.http.impl.io.SessionInputBufferImpl.readLine(SessionInputBufferImpl.java:280)
	at com.github.dockerjava.zerodep.shaded.org.apache.hc.core5.http.impl.io.ChunkedInputStream.getChunkSize(ChunkedInputStream.java:261)
	at com.github.dockerjava.zerodep.shaded.org.apache.hc.core5.http.impl.io.ChunkedInputStream.nextChunk(ChunkedInputStream.java:222)
	at com.github.dockerjava.zerodep.shaded.org.apache.hc.core5.http.impl.io.ChunkedInputStream.read(ChunkedInputStream.java:147)
	at com.github.dockerjava.zerodep.shaded.org.apache.hc.core5.http.impl.io.ChunkedInputStream.close(ChunkedInputStream.java:314)
	at com.github.dockerjava.zerodep.shaded.org.apache.hc.core5.io.Closer.close(Closer.java:48)
	at com.github.dockerjava.zerodep.shaded.org.apache.hc.core5.http.impl.io.IncomingHttpEntity.close(IncomingHttpEntity.java:111)
	at com.github.dockerjava.zerodep.shaded.org.apache.hc.core5.http.io.entity.HttpEntityWrapper.close(HttpEntityWrapper.java:120)
	at com.github.dockerjava.zerodep.shaded.org.apache.hc.core5.io.Closer.close(Closer.java:48)
	at com.github.dockerjava.zerodep.shaded.org.apache.hc.core5.http.message.BasicClassicHttpResponse.close(BasicClassicHttpResponse.java:93)
	at com.github.dockerjava.zerodep.shaded.org.apache.hc.client5.http.impl.classic.CloseableHttpResponse.close(CloseableHttpResponse.java:200)
	at com.github.dockerjava.zerodep.ApacheDockerHttpClientImpl$ApacheResponse.close(ApacheDockerHttpClientImpl.java:256)
	at org.testcontainers.shaded.com.github.dockerjava.core.DefaultInvocationBuilder.lambda$executeAndStream$1(DefaultInvocationBuilder.java:277)
	at java.base/java.lang.Thread.run(Thread.java:1583)
20:18:00.245 [main] INFO tc.postgres:15-alpine -- Container is started (JDBC URL: jdbc:postgresql://localhost:59111/test?loggerLevel=OFF)
]]></system-out>
  </testcase>
</testsuite>